#
# A fatal error has been detected by the Java Runtime Environment:
#
#  SIGBUS (0xa) at pc=0x000000010c1fd4f0, pid=26601, tid=29199
#
# JRE version: Java(TM) SE Runtime Environment (17.0.2+8) (build 17.0.2+8-LTS-86)
# Java VM: Java HotSpot(TM) 64-Bit Server VM (17.0.2+8-LTS-86, mixed mode, sharing, tiered, compressed oops, compressed class ptrs, g1 gc, bsd-aarch64)
# Problematic frame:
# v  ~StubRoutines::SafeFetchN
#
# No core dump will be written. Core dumps have been disabled. To enable core dumping, try "ulimit -c unlimited" before starting Java again
#
# If you would like to submit a bug report, please visit:
#   https://bugreport.java.com/bugreport/crash.jsp
# The crash happened outside the Java Virtual Machine in native code.
# See problematic frame for where to report the bug.
#

---------------  S U M M A R Y ------------

Command Line: --module-path=/Users/hugodemenez/IdeaProjects/ContactApp/target/classes:/Users/hugodemenez/.m2/repository/org/openjfx/javafx-base/17.0.1/javafx-base-17.0.1-mac-aarch64.jar:/Users/hugodemenez/.m2/repository/org/openjfx/javafx-controls/17.0.1/javafx-controls-17.0.1-mac-aarch64.jar:/Users/hugodemenez/.m2/repository/org/openjfx/javafx-fxml/17.0.1/javafx-fxml-17.0.1-mac-aarch64.jar:/Users/hugodemenez/.m2/repository/org/openjfx/javafx-graphics/17.0.1/javafx-graphics-17.0.1-mac-aarch64.jar --add-modules=com.example.contactapp -Djdk.module.main=com.example.contactapp com.example.contactapp/com.example.contactapp.HelloApplication

Host: "MacBookPro18,3" arm64 1 MHz, 8 cores, 16G, Darwin 21.3.0, macOS 12.2.1 (21D62)
Time: Tue Mar  8 14:51:49 2022 CET elapsed time: 2.860569 seconds (0d 0h 0m 2s)

---------------  T H R E A D  ---------------

Current thread (0x000000015bb87a00):  JavaThread "InvokeLaterDispatcher" daemon [_thread_in_native, id=29199, stack(0x000000016fc94000,0x000000016fe97000)]

Stack: [0x000000016fc94000,0x000000016fe97000],  sp=0x000000016fe967b0,  free space=2057k
Native frames: (J=compiled Java code, j=interpreted, Vv=VM code, C=native code)
v  ~StubRoutines::SafeFetchN
V  [libjvm.dylib+0x7a4748]  _ZN10OopStorage7releaseEPKP7oopDesc+0x20
V  [libjvm.dylib+0x4b9e90]  jni_DeleteGlobalRef+0xc4
C  [libglass.dylib+0xab08]  -[GlassRunnable dealloc]+0x34
C  [Foundation+0x84c7c]  -[_NSThreadPerformInfo dealloc]+0x30
C  [Foundation+0x51578]  -[NSObject(NSThreadPerformAdditions) performSelectorOnMainThread:withObject:waitUntilDone:]+0x88
C  0xab0d80010c2058ac
j  com.sun.glass.ui.mac.MacApplication.submitForLaterInvocation(Ljava/lang/Runnable;)V+2 javafx.graphics
j  com.sun.glass.ui.InvokeLaterDispatcher.run()V+82 javafx.graphics
v  ~StubRoutines::call_stub
V  [libjvm.dylib+0x4614e8]  _ZN9JavaCalls11call_helperEP9JavaValueRK12methodHandleP17JavaCallArgumentsP10JavaThread+0x38c
V  [libjvm.dylib+0x460504]  _ZN9JavaCalls12call_virtualEP9JavaValueP5KlassP6SymbolS5_P17JavaCallArgumentsP10JavaThread+0x11c
V  [libjvm.dylib+0x4605d0]  _ZN9JavaCalls12call_virtualEP9JavaValue6HandleP5KlassP6SymbolS6_P10JavaThread+0x64
V  [libjvm.dylib+0x513e50]  _ZL12thread_entryP10JavaThreadS0_+0xc4
V  [libjvm.dylib+0x90462c]  _ZN10JavaThread17thread_main_innerEv+0x134
V  [libjvm.dylib+0x902f54]  _ZN6Thread8call_runEv+0x128
V  [libjvm.dylib+0x7ab344]  _ZL19thread_native_entryP6Thread+0x158
C  [libsystem_pthread.dylib+0x7240]  _pthread_start+0x94

Java frames: (J=compiled Java code, j=interpreted, Vv=VM code)
j  com.sun.glass.ui.mac.MacApplication._submitForLaterInvocation(Ljava/lang/Runnable;)V+0 javafx.graphics
j  com.sun.glass.ui.mac.MacApplication.submitForLaterInvocation(Ljava/lang/Runnable;)V+2 javafx.graphics
j  com.sun.glass.ui.InvokeLaterDispatcher.run()V+82 javafx.graphics
v  ~StubRoutines::call_stub

siginfo: si_signo: 10 (SIGBUS), si_code: 1 (BUS_ADRALN), si_addr: 0x000000010c1fd4f0

Register to memory mapping:

 x0=0x000000015ae08cc8 is a global jni handle
 x1=0x0 is NULL
 x2=0x000000070ef55190 is an oop: com.sun.glass.ui.InvokeLaterDispatcher$Future 
{0x000000070ef55190} - klass: 'com/sun/glass/ui/InvokeLaterDispatcher$Future'
 - ---- fields (total size 3 words):
 - private 'done' 'Z' @12  true
 - private final 'runnable' 'Ljava/lang/Runnable;' @16  a 'com/sun/javafx/tk/quantum/QuantumToolkit$$Lambda$83+0x0000000800c38ec0'{0x000000070e858a40} (e1d0b148)
 - final synthetic 'this$0' 'Lcom/sun/glass/ui/InvokeLaterDispatcher;' @20  a 'com/sun/glass/ui/InvokeLaterDispatcher'{0x000000070e82aaa0} (e1d05554)
 x3=0x0 is NULL
 x4=0x00000000000130a8 is an unknown value
 x5=0x0 is NULL
 x6=0x0 is NULL
 x7=0x0 is NULL
 x8=0x000000010c1fd4ec is at begin+0 in a stub
StubRoutines::SafeFetchN [0x000000010c1fd4ec, 0x000000010c1fd4f8] (12 bytes)
 x9=0x0 is NULL
x10=0x2010000030300000 is an unknown value
x11=0x0000000000000007 is an unknown value
x12=0x0000000000000007 is an unknown value
x13=0x000060000354d5e0 points into unknown readable memory: 0x523e8001b839d738 | 38 d7 39 b8 01 80 3e 52
x14=0x0000000000000001 is an unknown value
x15=0x0000000103ae1f98: OBJC_CLASS_$_GlassRunnable+0 in /Users/hugodemenez/.openjfx/cache/17.0.1/libglass.dylib at 0x0000000103a9c000
x16=0x00000001b740c094: pthread_getspecific+0 in /usr/lib/system/libsystem_pthread.dylib at 0x00000001b740a000
x17=0x0000600003f7bba0 points into unknown readable memory: 0xfffffffffffffffe | fe ff ff ff ff ff ff ff
x18=0x0 is NULL
x19=0x0000600003078690 points into unknown readable memory: 0x00006000019755f0 | f0 55 97 01 00 60 00 00
x20=0x000000015ae08ac0 points into unknown readable memory: 0x0000000000000000 | 00 00 00 00 00 00 00 00
x21=0x000000015ae08cc8 is a global jni handle
x22=0x000000015bb87a00 is a thread
x23=0x0000000000000001 is an unknown value
x24=0x000000015ae08c80 is a global jni handle
x25=0x00000001046c95e8: _ZN12StubRoutines17_safefetchN_entryE+0 in /Library/Java/JavaVirtualMachines/jdk-17.0.2.jdk/Contents/Home/lib/server/libjvm.dylib at 0x0000000103b30000
x26=0x0000000126915c08 is pointing into metadata
x27=0x0 is NULL
x28=0x000000015bb87a00 is a thread


Registers:
 x0=0x000000015ae08cc8  x1=0x0000000000000000  x2=0x000000070ef55190  x3=0x0000000000000000
 x4=0x00000000000130a8  x5=0x0000000000000000  x6=0x0000000000000000  x7=0x0000000000000000
 x8=0x000000010c1fd4ec  x9=0x0000000000000000 x10=0x2010000030300000 x11=0x0000000000000007
x12=0x0000000000000007 x13=0x000060000354d5e0 x14=0x0000000000000001 x15=0x0000000103ae1f98
x16=0x00000001b740c094 x17=0x0000600003f7bba0 x18=0x0000000000000000 x19=0x0000600003078690
x20=0x000000015ae08ac0 x21=0x000000015ae08cc8 x22=0x000000015bb87a00 x23=0x0000000000000001
x24=0x000000015ae08c80 x25=0x00000001046c95e8 x26=0x0000000126915c08 x27=0x0000000000000000
x28=0x000000015bb87a00  fp=0x000000016fe967f0  lr=0x00000001042d3518  sp=0x000000016fe967b0
pc=0x000000010c1fd4f0 cpsr=0x0000000060001000
Top of Stack: (sp=0x000000016fe967b0)
0x000000016fe967b0:   0000000126915c08 0000000000000001
0x000000016fe967c0:   000000016fe969a8 0000600001930fe0
0x000000016fe967d0:   0000000000000000 000000015ae08c80
0x000000016fe967e0:   000000015ae08c80 0000600003078690
0x000000016fe967f0:   000000016fe96830 00000001042d4748
0x000000016fe96800:   0000000000000001 000000015ae08c80
0x000000016fe96810:   0000000000000000 000000015ae08c80
0x000000016fe96820:   0000000000000001 000000014c09b400
0x000000016fe96830:   000000016fe96860 0000000103fe9e90
0x000000016fe96840:   0000600001931080 00000002019869e3
0x000000016fe96850:   0000000000000000 0000600001931080
0x000000016fe96860:   000000016fe96890 0000000103aa6b08
0x000000016fe96870:   ca3237b107370039 0000000000000000
0x000000016fe96880:   0000000000000000 0000600000edc880
0x000000016fe96890:   000000016fe968d0 00000001b83d0c7c
0x000000016fe968a0:   000000016fe969a8 0000600001930fe0
0x000000016fe968b0:   0000600001931080 ca3237b107370039
0x000000016fe968c0:   0000000000000000 0000000000000000
0x000000016fe968d0:   000000016fe96910 00548001b839d578
0x000000016fe968e0:   000000016fe969a8 000000010c2047c0
0x000000016fe968f0:   0000000000000000 00000001046d0fa8
0x000000016fe96900:   000000016fe96920 000000010c203730
0x000000016fe96910:   000000016fe96980 ab0d80010c2058ac
0x000000016fe96920:   000000016fe96920 000000080098c53d
0x000000016fe96930:   000000016fe96930 0000000000000000
0x000000016fe96940:   000000016fe969a8 0000000126915c08
0x000000016fe96950:   000000070e8216c0 0000000000000000
0x000000016fe96960:   0000000000000000 00000001268f30f0
0x000000016fe96970:   0000000000000000 000000016fe96980
0x000000016fe96980:   000000016fe96a00 000000010c201fc8
0x000000016fe96990:   0000000000000000 0000000000000000
0x000000016fe969a0:   000000070ef55190 000000070e821738 

Instructions: (pc=0x000000010c1fd4f0)
0x000000010c1fd3f0:   f2a08d29 f2c00029 6d425935 1e640886
0x000000010c1fd400:   0c402d31 1e6408c7 1f5654d0 1e6c1017
0x000000010c1fd410:   1f5050d0 1f504cd0 1f5048d0 1e650af6
0x000000010c1fd420:   1f50d8f6 1f5694d6 1f5158f6 1e762880
0x000000010c1fd430:   36000501 1e614000 14000026 2e251ca5
0x000000010c1fd440:   d28c3009 f2a08d29 f2c00029 6d425d36
0x000000010c1fd450:   1e600806 0c402d32 1f5758c7 1e6c101a
0x000000010c1fd460:   1f4754c7 1e650805 1f4750c7 d2866668
0x000000010c1fd470:   f2a7fa68 1f474cc7 1e6608c0 1f4748c7
0x000000010c1fd480:   1e6e1019 eb08007f 540000ac 1f479400
0x000000010c1fd490:   1f460340 1e603b20 1400000e d2a7fd29
0x000000010c1fd4a0:   eb09007f 540000ac 51480069 d3607d29
0x000000010c1fd4b0:   9e670121 14000002 1e6a5001 1f679417
0x000000010c1fd4c0:   1f668742 1e613b23 1e773857 1e773860
0x000000010c1fd4d0:   a8c17ff3 910003bf a8c17bfd d65f03c0
0x000000010c1fd4e0:   b9400001 aa0103e0 d65f03c0 f9400001
0x000000010c1fd4f0:   aa0103e0 d65f03c0 00000000 00000000
0x000000010c1fd500:   00000000 00000000 00000000 00000000
0x000000010c1fd510:   00000000 00000000 00000000 00000000
0x000000010c1fd520:   00000000 00000000 00000000 00000000
0x000000010c1fd530:   00000000 00000000 00000000 00000000
0x000000010c1fd540:   00000000 00000000 00000000 00000000
0x000000010c1fd550:   00000000 00000000 00000000 00000000
0x000000010c1fd560:   00000000 00000000 00000000 00000000
0x000000010c1fd570:   00000000 00000000 00000000 00000000
0x000000010c1fd580:   00000000 00000000 00000000 00000000
0x000000010c1fd590:   00000000 00000000 00000000 00000000
0x000000010c1fd5a0:   00000000 00000000 00000000 00000000
0x000000010c1fd5b0:   00000000 00000000 00000000 00000000
0x000000010c1fd5c0:   00000000 00000000 00000000 00000000
0x000000010c1fd5d0:   00000000 00000000 00000000 00000000
0x000000010c1fd5e0:   00000000 00000000 00000000 00000000 


Stack slot to memory mapping:
stack at sp + 0 slots: 0x0000000126915c08 is pointing into metadata
stack at sp + 1 slots: 0x0000000000000001 is an unknown value
stack at sp + 2 slots: 0x000000016fe969a8 is pointing into the stack for thread: 0x000000015bb87a00
stack at sp + 3 slots: 0x0000600001930fe0 points into unknown readable memory: 0x010000021051a0a1 | a1 a0 51 10 02 00 00 01
stack at sp + 4 slots: 0x0 is NULL
stack at sp + 5 slots: 0x000000015ae08c80 is a global jni handle
stack at sp + 6 slots: 0x000000015ae08c80 is a global jni handle
stack at sp + 7 slots: 0x0000600003078690 points into unknown readable memory: 0x00006000019755f0 | f0 55 97 01 00 60 00 00

StubRoutines::SafeFetchN [0x000000010c1fd4ec, 0x000000010c1fd4f8] (12 bytes)
[MachCode]
  0x000000010c1fd4ec: 0100 40f9 | e003 01aa | c003 5fd6 
[/MachCode]

---------------  P R O C E S S  ---------------

Threads class SMR info:
_java_thread_list=0x0000600001bd8160, length=18, elements={
0x000000015b80a200, 0x000000015b00d000, 0x000000015b00d600, 0x000000015b01f200,
0x000000015b01f800, 0x000000015b01fe00, 0x000000015b020400, 0x000000015b01c600,
0x000000015b01cc00, 0x000000014b019c00, 0x000000014b018a00, 0x000000015b809000,
0x000000015bb87a00, 0x000000014c09b400, 0x000000014c0d5c00, 0x000000015bd80000,
0x000000012d808200, 0x000000012d808800
}

Java Threads: ( => current thread )
  0x000000015b80a200 JavaThread "main" [_thread_blocked, id=9731, stack(0x000000016d498000,0x000000016d69b000)]
  0x000000015b00d000 JavaThread "Reference Handler" daemon [_thread_blocked, id=15363, stack(0x000000016e2ec000,0x000000016e4ef000)]
  0x000000015b00d600 JavaThread "Finalizer" daemon [_thread_blocked, id=16387, stack(0x000000016e4f8000,0x000000016e6fb000)]
  0x000000015b01f200 JavaThread "Signal Dispatcher" daemon [_thread_blocked, id=42243, stack(0x000000016e81c000,0x000000016ea1f000)]
  0x000000015b01f800 JavaThread "Service Thread" daemon [_thread_blocked, id=41987, stack(0x000000016ea28000,0x000000016ec2b000)]
  0x000000015b01fe00 JavaThread "Monitor Deflation Thread" daemon [_thread_blocked, id=41731, stack(0x000000016ec34000,0x000000016ee37000)]
  0x000000015b020400 JavaThread "C2 CompilerThread0" daemon [_thread_blocked, id=41219, stack(0x000000016ee40000,0x000000016f043000)]
  0x000000015b01c600 JavaThread "C1 CompilerThread0" daemon [_thread_blocked, id=23555, stack(0x000000016f04c000,0x000000016f24f000)]
  0x000000015b01cc00 JavaThread "Sweeper thread" daemon [_thread_blocked, id=24067, stack(0x000000016f258000,0x000000016f45b000)]
  0x000000014b019c00 JavaThread "Common-Cleaner" daemon [_thread_blocked, id=24323, stack(0x000000016f464000,0x000000016f667000)]
  0x000000014b018a00 JavaThread "Notification Thread" daemon [_thread_blocked, id=24835, stack(0x000000016f670000,0x000000016f873000)]
  0x000000015b809000 JavaThread "QuantumRenderer-0" daemon [_thread_blocked, id=40195, stack(0x000000016fa88000,0x000000016fc8b000)]
=>0x000000015bb87a00 JavaThread "InvokeLaterDispatcher" daemon [_thread_in_native, id=29199, stack(0x000000016fc94000,0x000000016fe97000)]
  0x000000014c09b400 JavaThread "JavaFX Application Thread" [_thread_in_vm, id=259, stack(0x000000016cc10000,0x000000016d40c000)]
  0x000000014c0d5c00 JavaThread "JavaFX-Launcher" [_thread_blocked, id=76291, stack(0x00000001701c4000,0x00000001703c7000)]
  0x000000015bd80000 JavaThread "Prism Font Disposer" daemon [_thread_blocked, id=69691, stack(0x0000000175648000,0x000000017584b000)]
  0x000000012d808200 JavaThread "Cleaner-0" daemon [_thread_blocked, id=53255, stack(0x0000000175854000,0x0000000175a57000)]
  0x000000012d808800 JavaThread "PulseTimer-CVDisplayLink thread" daemon [_thread_in_native, id=77323, stack(0x000000016ffb8000,0x000000017003b000)]

Other Threads:
  0x000000015ae05f50 VMThread "VM Thread" [stack: 0x000000016e0e0000,0x000000016e2e3000] [id=15107]
  0x000000014ae1c170 WatcherThread [stack: 0x000000016f87c000,0x000000016fa7f000] [id=25091]
  0x000000015af07970 GCTaskThread "GC Thread#0" [stack: 0x000000016d6a4000,0x000000016d8a7000] [id=12291]
  0x000000015af716b0 GCTaskThread "GC Thread#1" [stack: 0x00000001703d0000,0x00000001705d3000] [id=51971]
  0x000000015af71b30 GCTaskThread "GC Thread#2" [stack: 0x00000001705dc000,0x00000001707df000] [id=52483]
  0x000000015ae34010 GCTaskThread "GC Thread#3" [stack: 0x00000001707e8000,0x00000001709eb000] [id=72195]
  0x000000015ae34860 GCTaskThread "GC Thread#4" [stack: 0x00000001709f4000,0x0000000170bf7000] [id=71939]
  0x000000015ae34ce0 GCTaskThread "GC Thread#5" [stack: 0x0000000170c00000,0x0000000170e03000] [id=71427]
  0x000000015af08020 ConcurrentGCThread "G1 Main Marker" [stack: 0x000000016d8b0000,0x000000016dab3000] [id=12803]
  0x000000015af088a0 ConcurrentGCThread "G1 Conc#0" [stack: 0x000000016dabc000,0x000000016dcbf000] [id=19459]
  0x000000015af0a710 ConcurrentGCThread "G1 Refine#0" [stack: 0x000000016dcc8000,0x000000016decb000] [id=18691]
  0x000000015af0afb0 ConcurrentGCThread "G1 Service" [stack: 0x000000016ded4000,0x000000016e0d7000] [id=13571]

Threads with active compile tasks:

VM state: not at safepoint (normal execution)

VM Mutex/Monitor currently owned by a thread: None

Heap address: 0x0000000700000000, size: 4096 MB, Compressed Oops mode: Zero based, Oop shift amount: 3

CDS archive(s) mapped at: [0x0000000800000000-0x0000000800bd8000-0x0000000800bd8000), size 12419072, SharedBaseAddress: 0x0000000800000000, ArchiveRelocationMode: 0.
Compressed class space mapped at: 0x0000000800c00000-0x0000000840c00000, reserved size: 1073741824
Narrow klass base: 0x0000000800000000, Narrow klass shift: 0, Narrow klass range: 0x100000000

GC Precious Log:
 CPUs: 8 total, 8 available
 Memory: 16384M
 Large Page Support: Disabled
 NUMA Support: Disabled
 Compressed Oops: Enabled (Zero based)
 Heap Region Size: 2M
 Heap Min Capacity: 8M
 Heap Initial Capacity: 256M
 Heap Max Capacity: 4G
 Pre-touch: Disabled
 Parallel Workers: 8
 Concurrent Workers: 2
 Concurrent Refinement Workers: 8
 Periodic GC: Disabled

Heap:
 garbage-first heap   total 266240K, used 31621K [0x0000000700000000, 0x0000000800000000)
  region size 2048K, 15 young (30720K), 2 survivors (4096K)
 Metaspace       used 12573K, committed 12800K, reserved 1064960K
  class space    used 1763K, committed 1920K, reserved 1048576K

Heap Regions: E=young(eden), S=young(survivor), O=old, HS=humongous(starts), HC=humongous(continues), CS=collection set, F=free, OA=open archive, CA=closed archive, TAMS=top-at-mark-start (previous, next)
|   0|0x0000000700000000, 0x0000000700200000, 0x0000000700200000|100%|HS|  |TAMS 0x0000000700000000, 0x0000000700000000| Complete 
|   1|0x0000000700200000, 0x0000000700200000, 0x0000000700400000|  0%| F|  |TAMS 0x0000000700200000, 0x0000000700200000| Untracked 
|   2|0x0000000700400000, 0x0000000700400000, 0x0000000700600000|  0%| F|  |TAMS 0x0000000700400000, 0x0000000700400000| Untracked 
|   3|0x0000000700600000, 0x0000000700600000, 0x0000000700800000|  0%| F|  |TAMS 0x0000000700600000, 0x0000000700600000| Untracked 
|   4|0x0000000700800000, 0x0000000700800000, 0x0000000700a00000|  0%| F|  |TAMS 0x0000000700800000, 0x0000000700800000| Untracked 
|   5|0x0000000700a00000, 0x0000000700a00000, 0x0000000700c00000|  0%| F|  |TAMS 0x0000000700a00000, 0x0000000700a00000| Untracked 
|   6|0x0000000700c00000, 0x0000000700c00000, 0x0000000700e00000|  0%| F|  |TAMS 0x0000000700c00000, 0x0000000700c00000| Untracked 
|   7|0x0000000700e00000, 0x0000000700e00000, 0x0000000701000000|  0%| F|  |TAMS 0x0000000700e00000, 0x0000000700e00000| Untracked 
|   8|0x0000000701000000, 0x0000000701000000, 0x0000000701200000|  0%| F|  |TAMS 0x0000000701000000, 0x0000000701000000| Untracked 
|   9|0x0000000701200000, 0x0000000701200000, 0x0000000701400000|  0%| F|  |TAMS 0x0000000701200000, 0x0000000701200000| Untracked 
|  10|0x0000000701400000, 0x0000000701400000, 0x0000000701600000|  0%| F|  |TAMS 0x0000000701400000, 0x0000000701400000| Untracked 
|  11|0x0000000701600000, 0x0000000701600000, 0x0000000701800000|  0%| F|  |TAMS 0x0000000701600000, 0x0000000701600000| Untracked 
|  12|0x0000000701800000, 0x0000000701800000, 0x0000000701a00000|  0%| F|  |TAMS 0x0000000701800000, 0x0000000701800000| Untracked 
|  13|0x0000000701a00000, 0x0000000701a00000, 0x0000000701c00000|  0%| F|  |TAMS 0x0000000701a00000, 0x0000000701a00000| Untracked 
|  14|0x0000000701c00000, 0x0000000701c00000, 0x0000000701e00000|  0%| F|  |TAMS 0x0000000701c00000, 0x0000000701c00000| Untracked 
|  15|0x0000000701e00000, 0x0000000701e00000, 0x0000000702000000|  0%| F|  |TAMS 0x0000000701e00000, 0x0000000701e00000| Untracked 
|  16|0x0000000702000000, 0x0000000702000000, 0x0000000702200000|  0%| F|  |TAMS 0x0000000702000000, 0x0000000702000000| Untracked 
|  17|0x0000000702200000, 0x0000000702200000, 0x0000000702400000|  0%| F|  |TAMS 0x0000000702200000, 0x0000000702200000| Untracked 
|  18|0x0000000702400000, 0x0000000702400000, 0x0000000702600000|  0%| F|  |TAMS 0x0000000702400000, 0x0000000702400000| Untracked 
|  19|0x0000000702600000, 0x0000000702600000, 0x0000000702800000|  0%| F|  |TAMS 0x0000000702600000, 0x0000000702600000| Untracked 
|  20|0x0000000702800000, 0x0000000702800000, 0x0000000702a00000|  0%| F|  |TAMS 0x0000000702800000, 0x0000000702800000| Untracked 
|  21|0x0000000702a00000, 0x0000000702a00000, 0x0000000702c00000|  0%| F|  |TAMS 0x0000000702a00000, 0x0000000702a00000| Untracked 
|  22|0x0000000702c00000, 0x0000000702c00000, 0x0000000702e00000|  0%| F|  |TAMS 0x0000000702c00000, 0x0000000702c00000| Untracked 
|  23|0x0000000702e00000, 0x0000000702e00000, 0x0000000703000000|  0%| F|  |TAMS 0x0000000702e00000, 0x0000000702e00000| Untracked 
|  24|0x0000000703000000, 0x0000000703000000, 0x0000000703200000|  0%| F|  |TAMS 0x0000000703000000, 0x0000000703000000| Untracked 
|  25|0x0000000703200000, 0x0000000703200000, 0x0000000703400000|  0%| F|  |TAMS 0x0000000703200000, 0x0000000703200000| Untracked 
|  26|0x0000000703400000, 0x0000000703400000, 0x0000000703600000|  0%| F|  |TAMS 0x0000000703400000, 0x0000000703400000| Untracked 
|  27|0x0000000703600000, 0x0000000703600000, 0x0000000703800000|  0%| F|  |TAMS 0x0000000703600000, 0x0000000703600000| Untracked 
|  28|0x0000000703800000, 0x0000000703800000, 0x0000000703a00000|  0%| F|  |TAMS 0x0000000703800000, 0x0000000703800000| Untracked 
|  29|0x0000000703a00000, 0x0000000703a00000, 0x0000000703c00000|  0%| F|  |TAMS 0x0000000703a00000, 0x0000000703a00000| Untracked 
|  30|0x0000000703c00000, 0x0000000703c00000, 0x0000000703e00000|  0%| F|  |TAMS 0x0000000703c00000, 0x0000000703c00000| Untracked 
|  31|0x0000000703e00000, 0x0000000703e00000, 0x0000000704000000|  0%| F|  |TAMS 0x0000000703e00000, 0x0000000703e00000| Untracked 
|  32|0x0000000704000000, 0x0000000704000000, 0x0000000704200000|  0%| F|  |TAMS 0x0000000704000000, 0x0000000704000000| Untracked 
|  33|0x0000000704200000, 0x0000000704200000, 0x0000000704400000|  0%| F|  |TAMS 0x0000000704200000, 0x0000000704200000| Untracked 
|  34|0x0000000704400000, 0x0000000704400000, 0x0000000704600000|  0%| F|  |TAMS 0x0000000704400000, 0x0000000704400000| Untracked 
|  35|0x0000000704600000, 0x0000000704600000, 0x0000000704800000|  0%| F|  |TAMS 0x0000000704600000, 0x0000000704600000| Untracked 
|  36|0x0000000704800000, 0x0000000704800000, 0x0000000704a00000|  0%| F|  |TAMS 0x0000000704800000, 0x0000000704800000| Untracked 
|  37|0x0000000704a00000, 0x0000000704a00000, 0x0000000704c00000|  0%| F|  |TAMS 0x0000000704a00000, 0x0000000704a00000| Untracked 
|  38|0x0000000704c00000, 0x0000000704c00000, 0x0000000704e00000|  0%| F|  |TAMS 0x0000000704c00000, 0x0000000704c00000| Untracked 
|  39|0x0000000704e00000, 0x0000000704e00000, 0x0000000705000000|  0%| F|  |TAMS 0x0000000704e00000, 0x0000000704e00000| Untracked 
|  40|0x0000000705000000, 0x0000000705000000, 0x0000000705200000|  0%| F|  |TAMS 0x0000000705000000, 0x0000000705000000| Untracked 
|  41|0x0000000705200000, 0x0000000705200000, 0x0000000705400000|  0%| F|  |TAMS 0x0000000705200000, 0x0000000705200000| Untracked 
|  42|0x0000000705400000, 0x0000000705400000, 0x0000000705600000|  0%| F|  |TAMS 0x0000000705400000, 0x0000000705400000| Untracked 
|  43|0x0000000705600000, 0x0000000705600000, 0x0000000705800000|  0%| F|  |TAMS 0x0000000705600000, 0x0000000705600000| Untracked 
|  44|0x0000000705800000, 0x0000000705800000, 0x0000000705a00000|  0%| F|  |TAMS 0x0000000705800000, 0x0000000705800000| Untracked 
|  45|0x0000000705a00000, 0x0000000705a00000, 0x0000000705c00000|  0%| F|  |TAMS 0x0000000705a00000, 0x0000000705a00000| Untracked 
|  46|0x0000000705c00000, 0x0000000705c00000, 0x0000000705e00000|  0%| F|  |TAMS 0x0000000705c00000, 0x0000000705c00000| Untracked 
|  47|0x0000000705e00000, 0x0000000705e00000, 0x0000000706000000|  0%| F|  |TAMS 0x0000000705e00000, 0x0000000705e00000| Untracked 
|  48|0x0000000706000000, 0x0000000706000000, 0x0000000706200000|  0%| F|  |TAMS 0x0000000706000000, 0x0000000706000000| Untracked 
|  49|0x0000000706200000, 0x0000000706200000, 0x0000000706400000|  0%| F|  |TAMS 0x0000000706200000, 0x0000000706200000| Untracked 
|  50|0x0000000706400000, 0x0000000706400000, 0x0000000706600000|  0%| F|  |TAMS 0x0000000706400000, 0x0000000706400000| Untracked 
|  51|0x0000000706600000, 0x0000000706600000, 0x0000000706800000|  0%| F|  |TAMS 0x0000000706600000, 0x0000000706600000| Untracked 
|  52|0x0000000706800000, 0x0000000706800000, 0x0000000706a00000|  0%| F|  |TAMS 0x0000000706800000, 0x0000000706800000| Untracked 
|  53|0x0000000706a00000, 0x0000000706a00000, 0x0000000706c00000|  0%| F|  |TAMS 0x0000000706a00000, 0x0000000706a00000| Untracked 
|  54|0x0000000706c00000, 0x0000000706c00000, 0x0000000706e00000|  0%| F|  |TAMS 0x0000000706c00000, 0x0000000706c00000| Untracked 
|  55|0x0000000706e00000, 0x0000000706e00000, 0x0000000707000000|  0%| F|  |TAMS 0x0000000706e00000, 0x0000000706e00000| Untracked 
|  56|0x0000000707000000, 0x0000000707000000, 0x0000000707200000|  0%| F|  |TAMS 0x0000000707000000, 0x0000000707000000| Untracked 
|  57|0x0000000707200000, 0x0000000707200000, 0x0000000707400000|  0%| F|  |TAMS 0x0000000707200000, 0x0000000707200000| Untracked 
|  58|0x0000000707400000, 0x0000000707400000, 0x0000000707600000|  0%| F|  |TAMS 0x0000000707400000, 0x0000000707400000| Untracked 
|  59|0x0000000707600000, 0x0000000707600000, 0x0000000707800000|  0%| F|  |TAMS 0x0000000707600000, 0x0000000707600000| Untracked 
|  60|0x0000000707800000, 0x0000000707800000, 0x0000000707a00000|  0%| F|  |TAMS 0x0000000707800000, 0x0000000707800000| Untracked 
|  61|0x0000000707a00000, 0x0000000707a00000, 0x0000000707c00000|  0%| F|  |TAMS 0x0000000707a00000, 0x0000000707a00000| Untracked 
|  62|0x0000000707c00000, 0x0000000707c00000, 0x0000000707e00000|  0%| F|  |TAMS 0x0000000707c00000, 0x0000000707c00000| Untracked 
|  63|0x0000000707e00000, 0x0000000707e00000, 0x0000000708000000|  0%| F|  |TAMS 0x0000000707e00000, 0x0000000707e00000| Untracked 
|  64|0x0000000708000000, 0x0000000708000000, 0x0000000708200000|  0%| F|  |TAMS 0x0000000708000000, 0x0000000708000000| Untracked 
|  65|0x0000000708200000, 0x0000000708200000, 0x0000000708400000|  0%| F|  |TAMS 0x0000000708200000, 0x0000000708200000| Untracked 
|  66|0x0000000708400000, 0x0000000708400000, 0x0000000708600000|  0%| F|  |TAMS 0x0000000708400000, 0x0000000708400000| Untracked 
|  67|0x0000000708600000, 0x0000000708600000, 0x0000000708800000|  0%| F|  |TAMS 0x0000000708600000, 0x0000000708600000| Untracked 
|  68|0x0000000708800000, 0x0000000708800000, 0x0000000708a00000|  0%| F|  |TAMS 0x0000000708800000, 0x0000000708800000| Untracked 
|  69|0x0000000708a00000, 0x0000000708a00000, 0x0000000708c00000|  0%| F|  |TAMS 0x0000000708a00000, 0x0000000708a00000| Untracked 
|  70|0x0000000708c00000, 0x0000000708c00000, 0x0000000708e00000|  0%| F|  |TAMS 0x0000000708c00000, 0x0000000708c00000| Untracked 
|  71|0x0000000708e00000, 0x0000000708e00000, 0x0000000709000000|  0%| F|  |TAMS 0x0000000708e00000, 0x0000000708e00000| Untracked 
|  72|0x0000000709000000, 0x0000000709000000, 0x0000000709200000|  0%| F|  |TAMS 0x0000000709000000, 0x0000000709000000| Untracked 
|  73|0x0000000709200000, 0x0000000709200000, 0x0000000709400000|  0%| F|  |TAMS 0x0000000709200000, 0x0000000709200000| Untracked 
|  74|0x0000000709400000, 0x0000000709400000, 0x0000000709600000|  0%| F|  |TAMS 0x0000000709400000, 0x0000000709400000| Untracked 
|  75|0x0000000709600000, 0x0000000709600000, 0x0000000709800000|  0%| F|  |TAMS 0x0000000709600000, 0x0000000709600000| Untracked 
|  76|0x0000000709800000, 0x0000000709800000, 0x0000000709a00000|  0%| F|  |TAMS 0x0000000709800000, 0x0000000709800000| Untracked 
|  77|0x0000000709a00000, 0x0000000709a00000, 0x0000000709c00000|  0%| F|  |TAMS 0x0000000709a00000, 0x0000000709a00000| Untracked 
|  78|0x0000000709c00000, 0x0000000709c00000, 0x0000000709e00000|  0%| F|  |TAMS 0x0000000709c00000, 0x0000000709c00000| Untracked 
|  79|0x0000000709e00000, 0x0000000709e00000, 0x000000070a000000|  0%| F|  |TAMS 0x0000000709e00000, 0x0000000709e00000| Untracked 
|  80|0x000000070a000000, 0x000000070a000000, 0x000000070a200000|  0%| F|  |TAMS 0x000000070a000000, 0x000000070a000000| Untracked 
|  81|0x000000070a200000, 0x000000070a200000, 0x000000070a400000|  0%| F|  |TAMS 0x000000070a200000, 0x000000070a200000| Untracked 
|  82|0x000000070a400000, 0x000000070a400000, 0x000000070a600000|  0%| F|  |TAMS 0x000000070a400000, 0x000000070a400000| Untracked 
|  83|0x000000070a600000, 0x000000070a600000, 0x000000070a800000|  0%| F|  |TAMS 0x000000070a600000, 0x000000070a600000| Untracked 
|  84|0x000000070a800000, 0x000000070a800000, 0x000000070aa00000|  0%| F|  |TAMS 0x000000070a800000, 0x000000070a800000| Untracked 
|  85|0x000000070aa00000, 0x000000070aa00000, 0x000000070ac00000|  0%| F|  |TAMS 0x000000070aa00000, 0x000000070aa00000| Untracked 
|  86|0x000000070ac00000, 0x000000070ac00000, 0x000000070ae00000|  0%| F|  |TAMS 0x000000070ac00000, 0x000000070ac00000| Untracked 
|  87|0x000000070ae00000, 0x000000070ae00000, 0x000000070b000000|  0%| F|  |TAMS 0x000000070ae00000, 0x000000070ae00000| Untracked 
|  88|0x000000070b000000, 0x000000070b000000, 0x000000070b200000|  0%| F|  |TAMS 0x000000070b000000, 0x000000070b000000| Untracked 
|  89|0x000000070b200000, 0x000000070b200000, 0x000000070b400000|  0%| F|  |TAMS 0x000000070b200000, 0x000000070b200000| Untracked 
|  90|0x000000070b400000, 0x000000070b400000, 0x000000070b600000|  0%| F|  |TAMS 0x000000070b400000, 0x000000070b400000| Untracked 
|  91|0x000000070b600000, 0x000000070b600000, 0x000000070b800000|  0%| F|  |TAMS 0x000000070b600000, 0x000000070b600000| Untracked 
|  92|0x000000070b800000, 0x000000070b800000, 0x000000070ba00000|  0%| F|  |TAMS 0x000000070b800000, 0x000000070b800000| Untracked 
|  93|0x000000070ba00000, 0x000000070ba00000, 0x000000070bc00000|  0%| F|  |TAMS 0x000000070ba00000, 0x000000070ba00000| Untracked 
|  94|0x000000070bc00000, 0x000000070bc00000, 0x000000070be00000|  0%| F|  |TAMS 0x000000070bc00000, 0x000000070bc00000| Untracked 
|  95|0x000000070be00000, 0x000000070be00000, 0x000000070c000000|  0%| F|  |TAMS 0x000000070be00000, 0x000000070be00000| Untracked 
|  96|0x000000070c000000, 0x000000070c000000, 0x000000070c200000|  0%| F|  |TAMS 0x000000070c000000, 0x000000070c000000| Untracked 
|  97|0x000000070c200000, 0x000000070c200000, 0x000000070c400000|  0%| F|  |TAMS 0x000000070c200000, 0x000000070c200000| Untracked 
|  98|0x000000070c400000, 0x000000070c400000, 0x000000070c600000|  0%| F|  |TAMS 0x000000070c400000, 0x000000070c400000| Untracked 
|  99|0x000000070c600000, 0x000000070c600000, 0x000000070c800000|  0%| F|  |TAMS 0x000000070c600000, 0x000000070c600000| Untracked 
| 100|0x000000070c800000, 0x000000070c800000, 0x000000070ca00000|  0%| F|  |TAMS 0x000000070c800000, 0x000000070c800000| Untracked 
| 101|0x000000070ca00000, 0x000000070ca00000, 0x000000070cc00000|  0%| F|  |TAMS 0x000000070ca00000, 0x000000070ca00000| Untracked 
| 102|0x000000070cc00000, 0x000000070cc00000, 0x000000070ce00000|  0%| F|  |TAMS 0x000000070cc00000, 0x000000070cc00000| Untracked 
| 103|0x000000070ce00000, 0x000000070ce00000, 0x000000070d000000|  0%| F|  |TAMS 0x000000070ce00000, 0x000000070ce00000| Untracked 
| 104|0x000000070d000000, 0x000000070d000000, 0x000000070d200000|  0%| F|  |TAMS 0x000000070d000000, 0x000000070d000000| Untracked 
| 105|0x000000070d200000, 0x000000070d200000, 0x000000070d400000|  0%| F|  |TAMS 0x000000070d200000, 0x000000070d200000| Untracked 
| 106|0x000000070d400000, 0x000000070d400000, 0x000000070d600000|  0%| F|  |TAMS 0x000000070d400000, 0x000000070d400000| Untracked 
| 107|0x000000070d600000, 0x000000070d600000, 0x000000070d800000|  0%| F|  |TAMS 0x000000070d600000, 0x000000070d600000| Untracked 
| 108|0x000000070d800000, 0x000000070d800000, 0x000000070da00000|  0%| F|  |TAMS 0x000000070d800000, 0x000000070d800000| Untracked 
| 109|0x000000070da00000, 0x000000070da00000, 0x000000070dc00000|  0%| F|  |TAMS 0x000000070da00000, 0x000000070da00000| Untracked 
| 110|0x000000070dc00000, 0x000000070dc00000, 0x000000070de00000|  0%| F|  |TAMS 0x000000070dc00000, 0x000000070dc00000| Untracked 
| 111|0x000000070de00000, 0x000000070de00000, 0x000000070e000000|  0%| F|  |TAMS 0x000000070de00000, 0x000000070de00000| Untracked 
| 112|0x000000070e000000, 0x000000070e000000, 0x000000070e200000|  0%| F|  |TAMS 0x000000070e000000, 0x000000070e000000| Untracked 
| 113|0x000000070e200000, 0x000000070e2c53e8, 0x000000070e400000| 38%| E|  |TAMS 0x000000070e200000, 0x000000070e200000| Complete 
| 114|0x000000070e400000, 0x000000070e600000, 0x000000070e600000|100%| E|CS|TAMS 0x000000070e400000, 0x000000070e400000| Complete 
| 115|0x000000070e600000, 0x000000070e6e9540, 0x000000070e800000| 45%| S|CS|TAMS 0x000000070e600000, 0x000000070e600000| Complete 
| 116|0x000000070e800000, 0x000000070ea00000, 0x000000070ea00000|100%| S|CS|TAMS 0x000000070e800000, 0x000000070e800000| Complete 
| 117|0x000000070ea00000, 0x000000070ec00000, 0x000000070ec00000|100%| E|CS|TAMS 0x000000070ea00000, 0x000000070ea00000| Complete 
| 118|0x000000070ec00000, 0x000000070ee00000, 0x000000070ee00000|100%| E|CS|TAMS 0x000000070ec00000, 0x000000070ec00000| Complete 
| 119|0x000000070ee00000, 0x000000070f000000, 0x000000070f000000|100%| E|CS|TAMS 0x000000070ee00000, 0x000000070ee00000| Complete 
| 120|0x000000070f000000, 0x000000070f200000, 0x000000070f200000|100%| E|CS|TAMS 0x000000070f000000, 0x000000070f000000| Complete 
| 121|0x000000070f200000, 0x000000070f400000, 0x000000070f400000|100%| E|CS|TAMS 0x000000070f200000, 0x000000070f200000| Complete 
| 122|0x000000070f400000, 0x000000070f600000, 0x000000070f600000|100%| E|CS|TAMS 0x000000070f400000, 0x000000070f400000| Complete 
| 123|0x000000070f600000, 0x000000070f800000, 0x000000070f800000|100%| E|CS|TAMS 0x000000070f600000, 0x000000070f600000| Complete 
| 124|0x000000070f800000, 0x000000070fa00000, 0x000000070fa00000|100%| E|CS|TAMS 0x000000070f800000, 0x000000070f800000| Complete 
| 125|0x000000070fa00000, 0x000000070fc00000, 0x000000070fc00000|100%| E|CS|TAMS 0x000000070fa00000, 0x000000070fa00000| Complete 
| 126|0x000000070fc00000, 0x000000070fe00000, 0x000000070fe00000|100%| E|CS|TAMS 0x000000070fc00000, 0x000000070fc00000| Complete 
| 127|0x000000070fe00000, 0x0000000710000000, 0x0000000710000000|100%| E|CS|TAMS 0x000000070fe00000, 0x000000070fe00000| Complete 
|2046|0x00000007ffc00000, 0x00000007ffd78000, 0x00000007ffe00000| 73%|OA|  |TAMS 0x00000007ffc00000, 0x00000007ffc00000| Untracked 
|2047|0x00000007ffe00000, 0x00000007ffe80000, 0x0000000800000000| 25%|CA|  |TAMS 0x00000007ffe00000, 0x00000007ffe00000| Untracked 

Card table byte_map: [0x000000011b1fc000,0x000000011b9fc000] _byte_map_base: 0x00000001179fc000

Marking Bits (Prev, Next): (CMBitMap*) 0x000000015b837610, (CMBitMap*) 0x000000015b837650
 Prev Bits: [0x000000011c1fc000, 0x00000001201fc000)
 Next Bits: [0x00000001201fc000, 0x00000001241fc000)

Polling page: 0x0000000102b78000

Metaspace:

Usage:
  Non-class:     10.56 MB used.
      Class:      1.72 MB used.
       Both:     12.28 MB used.

Virtual space:
  Non-class space:       16.00 MB reserved,      10.62 MB ( 66%) committed,  2 nodes.
      Class space:        1.00 GB reserved,       1.88 MB ( <1%) committed,  1 nodes.
             Both:        1.02 GB reserved,      12.50 MB (  1%) committed. 

Chunk freelists:
   Non-Class:  961.00 KB
       Class:  2.10 MB
        Both:  3.04 MB

MaxMetaspaceSize: unlimited
CompressedClassSpaceSize: 1.00 GB
Initial GC threshold: 21.00 MB
Current GC threshold: 21.00 MB
CDS: on
MetaspaceReclaimPolicy: balanced
 - commit_granule_bytes: 65536.
 - commit_granule_words: 8192.
 - virtual_space_node_default_size: 1048576.
 - enlarge_chunks_in_place: 1.
 - new_chunks_are_fully_committed: 0.
 - uncommit_free_chunks: 1.
 - use_allocation_guard: 0.
 - handle_deallocations: 1.


Internal statistics:

num_allocs_failed_limit: 0.
num_arena_births: 186.
num_arena_deaths: 0.
num_vsnodes_births: 3.
num_vsnodes_deaths: 0.
num_space_committed: 200.
num_space_uncommitted: 0.
num_chunks_returned_to_freelist: 0.
num_chunks_taken_from_freelist: 566.
num_chunk_merges: 0.
num_chunk_splits: 396.
num_chunks_enlarged: 313.
num_purges: 0.
num_inconsistent_stats: 0.

CodeHeap 'non-profiled nmethods': size=120032Kb used=569Kb max_used=569Kb free=119462Kb
 bounds [0x0000000113cc4000, 0x0000000113f34000, 0x000000011b1fc000]
CodeHeap 'profiled nmethods': size=120016Kb used=2827Kb max_used=2827Kb free=117188Kb
 bounds [0x000000010c790000, 0x000000010ca60000, 0x0000000113cc4000]
CodeHeap 'non-nmethods': size=5712Kb used=1348Kb max_used=1474Kb free=4363Kb
 bounds [0x000000010c1fc000, 0x000000010c46c000, 0x000000010c790000]
 total_blobs=2221 nmethods=1487 adapters=651
 compilation: enabled
              stopped_count=0, restarted_count=0
 full_count=0

Compilation events (20 events):
Event: 2.625 Thread 0x000000015b01c600 1531       1       com.sun.prism.impl.BaseTexture::getContentWidth (5 bytes)
Event: 2.625 Thread 0x000000015b01c600 nmethod 1531 0x0000000113d50990 code [0x0000000113d50b00, 0x0000000113d50be8]
Event: 2.626 Thread 0x000000015b01c600 1533       3       java.lang.Float::floatToIntBits (15 bytes)
Event: 2.626 Thread 0x000000015b01c600 nmethod 1533 0x000000010ca50c10 code [0x000000010ca50dc0, 0x000000010ca50fe8]
Event: 2.626 Thread 0x000000015b01c600 1534       3       java.lang.Math::max (45 bytes)
Event: 2.626 Thread 0x000000015b01c600 nmethod 1534 0x000000010ca51090 code [0x000000010ca51240, 0x000000010ca51528]
Event: 2.626 Thread 0x000000015b01c600 1535       3       com.sun.marlin.Helpers::outcode (70 bytes)
Event: 2.626 Thread 0x000000015b01c600 nmethod 1535 0x000000010ca51610 code [0x000000010ca517c0, 0x000000010ca51ae8]
Event: 2.626 Thread 0x000000015b01c600 1536       3       com.sun.marlin.Renderer::tosubpixx (6 bytes)
Event: 2.626 Thread 0x000000015b01c600 nmethod 1536 0x000000010ca51c10 code [0x000000010ca51e00, 0x000000010ca51f28]
Event: 2.626 Thread 0x000000015b020400 1537 %     4       com.sun.marlin.MaskMarlinAlphaConsumer::setAndClearRelativeAlphas @ 507 (641 bytes)
Event: 2.628 Thread 0x000000015b01c600 1538       1       com.sun.prism.impl.BaseTexture::getContentHeight (5 bytes)
Event: 2.628 Thread 0x000000015b01c600 nmethod 1538 0x0000000113d50c90 code [0x0000000113d50e00, 0x0000000113d50ee8]
Event: 2.628 Thread 0x000000015b01c600 1539       1       javafx.scene.layout.CornerRadii::getTopLeftHorizontalRadius (5 bytes)
Event: 2.628 Thread 0x000000015b01c600 nmethod 1539 0x0000000113d50f90 code [0x0000000113d51100, 0x0000000113d511e8]
Event: 2.628 Thread 0x000000015b01c600 1540       3       com.sun.prism.PixelFormat::getBytesPerPixelUnit (13 bytes)
Event: 2.628 Thread 0x000000015b01c600 nmethod 1540 0x000000010ca52010 code [0x000000010ca521c0, 0x000000010ca52328]
Event: 2.635 Thread 0x000000015b020400 nmethod 1537% 0x0000000113d51290 code [0x0000000113d514c0, 0x0000000113d51f40]
Event: 2.740 Thread 0x000000015b01c600 1541       3       java.util.WeakHashMap$HashIterator::hasNext (95 bytes)
Event: 2.740 Thread 0x000000015b01c600 nmethod 1541 0x000000010ca52410 code [0x000000010ca52600, 0x000000010ca52be8]

GC Heap History (2 events):
Event: 0.421 GC heap before
{Heap before GC invocations=0 (full 0):
 garbage-first heap   total 266240K, used 22496K [0x0000000700000000, 0x0000000800000000)
  region size 2048K, 11 young (22528K), 0 survivors (0K)
 Metaspace       used 7046K, committed 7232K, reserved 1056768K
  class space    used 926K, committed 1024K, reserved 1048576K
}
Event: 0.423 GC heap after
{Heap after GC invocations=1 (full 0):
 garbage-first heap   total 266240K, used 4997K [0x0000000700000000, 0x0000000800000000)
  region size 2048K, 2 young (4096K), 2 survivors (4096K)
 Metaspace       used 7046K, committed 7232K, reserved 1056768K
  class space    used 926K, committed 1024K, reserved 1048576K
}

Deoptimization events (20 events):
Event: 0.705 Thread 0x000000014c09b400 Uncommon trap: trap_request=0xffffffc6 fr.pc=0x0000000113d045ec relative=0x000000000000046c
Event: 0.705 Thread 0x000000014c09b400 Uncommon trap: reason=bimorphic_or_optimized_type_check action=maybe_recompile pc=0x0000000113d045ec method=java.util.concurrent.ConcurrentHashMap.get(Ljava/lang/Object;)Ljava/lang/Object; @ 149 c2
Event: 0.705 Thread 0x000000014c09b400 DEOPT PACKING pc=0x0000000113d045ec sp=0x000000016d405c50
Event: 0.705 Thread 0x000000014c09b400 DEOPT UNPACKING pc=0x000000010c23ad1c sp=0x000000016d405be0 mode 2
Event: 0.705 Thread 0x000000014c09b400 Uncommon trap: trap_request=0xffffffc6 fr.pc=0x0000000113d045ec relative=0x000000000000046c
Event: 0.705 Thread 0x000000014c09b400 Uncommon trap: reason=bimorphic_or_optimized_type_check action=maybe_recompile pc=0x0000000113d045ec method=java.util.concurrent.ConcurrentHashMap.get(Ljava/lang/Object;)Ljava/lang/Object; @ 149 c2
Event: 0.705 Thread 0x000000014c09b400 DEOPT PACKING pc=0x0000000113d045ec sp=0x000000016d405af0
Event: 0.705 Thread 0x000000014c09b400 DEOPT UNPACKING pc=0x000000010c23ad1c sp=0x000000016d405a80 mode 2
Event: 0.766 Thread 0x000000015b809000 DEOPT PACKING pc=0x000000010c8e4914 sp=0x000000016fc86290
Event: 0.766 Thread 0x000000015b809000 DEOPT UNPACKING pc=0x000000010c23ab7c sp=0x000000016fc85f60 mode 3
Event: 0.766 Thread 0x000000015b809000 DEOPT PACKING pc=0x000000010c8e62e0 sp=0x000000016fc862f0
Event: 0.766 Thread 0x000000015b809000 DEOPT UNPACKING pc=0x000000010c23ab7c sp=0x000000016fc85fc0 mode 3
Event: 0.825 Thread 0x000000015b809000 Uncommon trap: trap_request=0xffffffc6 fr.pc=0x0000000113d045ec relative=0x000000000000046c
Event: 0.825 Thread 0x000000015b809000 Uncommon trap: reason=bimorphic_or_optimized_type_check action=maybe_recompile pc=0x0000000113d045ec method=java.util.concurrent.ConcurrentHashMap.get(Ljava/lang/Object;)Ljava/lang/Object; @ 149 c2
Event: 0.825 Thread 0x000000015b809000 DEOPT PACKING pc=0x0000000113d045ec sp=0x000000016fc89350
Event: 0.825 Thread 0x000000015b809000 DEOPT UNPACKING pc=0x000000010c23ad1c sp=0x000000016fc892e0 mode 2
Event: 2.602 Thread 0x000000015b809000 DEOPT PACKING pc=0x000000010ca03e9c sp=0x000000016fc894d0
Event: 2.602 Thread 0x000000015b809000 DEOPT UNPACKING pc=0x000000010c23ab7c sp=0x000000016fc89130 mode 0
Event: 2.627 Thread 0x000000015b809000 DEOPT PACKING pc=0x000000010ca03e74 sp=0x000000016fc894d0
Event: 2.627 Thread 0x000000015b809000 DEOPT UNPACKING pc=0x000000010c23ab7c sp=0x000000016fc89130 mode 0

Classes unloaded (0 events):
No events

Classes redefined (0 events):
No events

Internal exceptions (20 events):
Event: 0.355 Thread 0x000000015b80a200 Exception <a 'java/lang/NoSuchMethodError'{0x000000070f30fe50}: 'java.lang.Object java.lang.invoke.DirectMethodHandle$Holder.newInvokeSpecial(java.lang.Object, java.lang.Object, java.lang.Object, java.lang.Object, java.lang.Object)'> (0x000000070f30fe50) 
thrown [open/src/hotspot/share/interpreter/linkResolver.cpp, line 766]
Event: 0.355 Thread 0x000000014c0d5c00 Exception <a 'java/lang/NoSuchMethodError'{0x000000070f3c75c8}: 'void java.lang.invoke.DirectMethodHandle$Holder.invokeStatic(java.lang.Object, java.lang.Object, java.lang.Object, java.lang.Object)'> (0x000000070f3c75c8) 
thrown [open/src/hotspot/share/interpreter/linkResolver.cpp, line 766]
Event: 0.379 Thread 0x000000014c09b400 Exception <a 'sun/nio/fs/UnixException'{0x000000070eefc378}> (0x000000070eefc378) 
thrown [open/src/hotspot/share/prims/jni.cpp, line 516]
Event: 0.404 Thread 0x000000014c09b400 Exception <a 'java/lang/NoSuchMethodError'{0x000000070ed99f20}: 'java.lang.Object java.lang.invoke.DirectMethodHandle$Holder.invokeStaticInit(java.lang.Object, java.lang.Object, java.lang.Object, java.lang.Object)'> (0x000000070ed99f20) 
thrown [open/src/hotspot/share/interpreter/linkResolver.cpp, line 766]
Event: 0.405 Thread 0x000000014c09b400 Exception <a 'java/lang/NullPointerException'{0x000000070eda5c18}> (0x000000070eda5c18) 
thrown [open/src/hotspot/share/interpreter/linkResolver.cpp, line 1357]
Event: 0.413 Thread 0x000000014c09b400 Exception <a 'java/lang/NoSuchMethodError'{0x000000070eb2fef0}: 'java.lang.Object java.lang.invoke.DirectMethodHandle$Holder.invokeSpecial(java.lang.Object, java.lang.Object, java.lang.Object, int, java.lang.Object)'> (0x000000070eb2fef0) 
thrown [open/src/hotspot/share/interpreter/linkResolver.cpp, line 766]
Event: 0.490 Thread 0x000000014c09b400 Exception <a 'java/lang/NoSuchMethodError'{0x000000070fbc2838}: 'void java.lang.invoke.DirectMethodHandle$Holder.invokeStaticInit(java.lang.Object, java.lang.Object)'> (0x000000070fbc2838) 
thrown [open/src/hotspot/share/interpreter/linkResolver.cpp, line 766]
Event: 0.491 Thread 0x000000014c09b400 Exception <a 'java/lang/NoSuchMethodError'{0x000000070fbf8f90}: 'void java.lang.invoke.DirectMethodHandle$Holder.invokeSpecial(java.lang.Object, java.lang.Object, java.lang.Object, java.lang.Object, java.lang.Object)'> (0x000000070fbf8f90) 
thrown [open/src/hotspot/share/interpreter/linkResolver.cpp, line 766]
Event: 0.502 Thread 0x000000014c09b400 Exception <a 'sun/nio/fs/UnixException'{0x000000070f609078}> (0x000000070f609078) 
thrown [open/src/hotspot/share/prims/jni.cpp, line 516]
Event: 0.507 Thread 0x000000014c09b400 Implicit null exception at 0x0000000113d038f8 to 0x0000000113d03988
Event: 0.512 Thread 0x000000014c09b400 Implicit null exception at 0x0000000113d0bf54 to 0x0000000113d0c234
Event: 0.686 Thread 0x000000014c09b400 Exception <a 'java/lang/NoSuchMethodError'{0x000000070f0ce8b0}: 'java.lang.Object java.lang.invoke.DirectMethodHandle$Holder.invokeInterface(java.lang.Object, java.lang.Object, java.lang.Object)'> (0x000000070f0ce8b0) 
thrown [open/src/hotspot/share/interpreter/linkResolver.cpp, line 766]
Event: 0.686 Thread 0x000000014c09b400 Exception <a 'java/lang/IncompatibleClassChangeError'{0x000000070f0d2238}: Found class java.lang.Object, but interface was expected> (0x000000070f0d2238) 
thrown [open/src/hotspot/share/interpreter/linkResolver.cpp, line 833]
Event: 0.721 Thread 0x000000014c09b400 Exception <a 'java/lang/NoSuchMethodError'{0x000000070eeb8148}: 'java.lang.Object java.lang.invoke.DirectMethodHandle$Holder.newInvokeSpecial(java.lang.Object, java.lang.Object, int)'> (0x000000070eeb8148) 
thrown [open/src/hotspot/share/interpreter/linkResolver.cpp, line 766]
Event: 0.771 Thread 0x000000015b809000 Exception <a 'java/lang/NoSuchMethodError'{0x000000070ed2d870}: 'int java.lang.invoke.DirectMethodHandle$Holder.invokeStaticInit(java.lang.Object, java.lang.Object)'> (0x000000070ed2d870) 
thrown [open/src/hotspot/share/interpreter/linkResolver.cpp, line 766]
Event: 2.594 Thread 0x000000014c09b400 Exception <a 'java/lang/NoSuchMethodError'{0x000000070e5cc158}: 'long java.lang.invoke.DirectMethodHandle$Holder.invokeStatic(java.lang.Object, java.lang.Object)'> (0x000000070e5cc158) 
thrown [open/src/hotspot/share/interpreter/linkResolver.cpp, line 766]
Event: 2.598 Thread 0x000000014c09b400 Exception <a 'java/lang/NoSuchMethodError'{0x000000070e5edcd0}: 'long java.lang.invoke.DirectMethodHandle$Holder.invokeStatic(java.lang.Object, java.lang.Object, java.lang.Object)'> (0x000000070e5edcd0) 
thrown [open/src/hotspot/share/interpreter/linkResolver.cpp, line 766]
Event: 2.598 Thread 0x000000014c09b400 Exception <a 'java/lang/NoSuchMethodError'{0x000000070e5f1478}: 'long java.lang.invoke.DirectMethodHandle$Holder.invokeStaticInit(java.lang.Object, java.lang.Object, java.lang.Object)'> (0x000000070e5f1478) 
thrown [open/src/hotspot/share/interpreter/linkResolver.cpp, line 766]
Event: 2.599 Thread 0x000000014c09b400 Exception <a 'java/lang/NoSuchMethodError'{0x000000070e2095c8}: 'java.lang.Object java.lang.invoke.DirectMethodHandle$Holder.newInvokeSpecial(java.lang.Object, java.lang.Object, long)'> (0x000000070e2095c8) 
thrown [open/src/hotspot/share/interpreter/linkResolver.cpp, line 766]
Event: 2.599 Thread 0x000000014c09b400 Exception <a 'java/lang/NoSuchMethodError'{0x000000070e20ce90}: 'java.lang.Object java.lang.invoke.Invokers$Holder.linkToTargetMethod(java.lang.Object, long, java.lang.Object)'> (0x000000070e20ce90) 
thrown [open/src/hotspot/share/interpreter/linkResolver.cpp, line 766]

VM Operations (20 events):
Event: 0.042 Executing VM operation: HandshakeAllThreads
Event: 0.043 Executing VM operation: HandshakeAllThreads done
Event: 0.043 Executing VM operation: HandshakeAllThreads
Event: 0.043 Executing VM operation: HandshakeAllThreads done
Event: 0.189 Executing VM operation: ICBufferFull
Event: 0.189 Executing VM operation: ICBufferFull done
Event: 0.417 Executing VM operation: HandshakeAllThreads
Event: 0.417 Executing VM operation: HandshakeAllThreads done
Event: 0.421 Executing VM operation: G1CollectForAllocation
Event: 0.423 Executing VM operation: G1CollectForAllocation done
Event: 0.469 Executing VM operation: HandshakeAllThreads
Event: 0.469 Executing VM operation: HandshakeAllThreads done
Event: 0.484 Executing VM operation: ICBufferFull
Event: 0.484 Executing VM operation: ICBufferFull done
Event: 0.677 Executing VM operation: HandshakeAllThreads
Event: 0.677 Executing VM operation: HandshakeAllThreads done
Event: 1.682 Executing VM operation: Cleanup
Event: 1.682 Executing VM operation: Cleanup done
Event: 2.595 Executing VM operation: HandshakeAllThreads
Event: 2.595 Executing VM operation: HandshakeAllThreads done

Events (20 events):
Event: 2.596 loading class java/util/stream/Nodes$EmptyNode$OfLong
Event: 2.596 loading class java/util/stream/Node$OfLong
Event: 2.596 loading class java/util/stream/Node$OfLong done
Event: 2.596 loading class java/util/stream/Nodes$EmptyNode$OfLong done
Event: 2.596 loading class java/util/stream/Nodes$EmptyNode$OfDouble
Event: 2.596 loading class java/util/stream/Node$OfDouble
Event: 2.596 loading class java/util/stream/Node$OfDouble done
Event: 2.596 loading class java/util/stream/Nodes$EmptyNode$OfDouble done
Event: 2.596 loading class java/util/stream/Nodes$LongFixedNodeBuilder
Event: 2.596 loading class java/util/stream/Node$Builder$OfLong
Event: 2.596 loading class java/util/stream/Node$Builder
Event: 2.596 loading class java/util/stream/Node$Builder done
Event: 2.596 loading class java/util/stream/Sink$OfLong
Event: 2.596 loading class java/util/stream/Sink$OfLong done
Event: 2.596 loading class java/util/stream/Node$Builder$OfLong done
Event: 2.596 loading class java/util/stream/Nodes$LongArrayNode
Event: 2.596 loading class java/util/stream/Nodes$LongArrayNode done
Event: 2.596 loading class java/util/stream/Nodes$LongFixedNodeBuilder done
Event: 2.596 loading class java/util/stream/ReferencePipeline$5$1
Event: 2.596 loading class java/util/stream/ReferencePipeline$5$1 done


Dynamic libraries:
0x0000000102b28000 	/Library/Java/JavaVirtualMachines/jdk-17.0.2.jdk/Contents/Home/lib/libjli.dylib
0x00000001c1dc1000 	/usr/lib/libz.1.dylib
0x00000001c1e71000 	/usr/lib/libSystem.B.dylib
0x00000001c1e6b000 	/usr/lib/system/libcache.dylib
0x00000001c1e29000 	/usr/lib/system/libcommonCrypto.dylib
0x00000001c1e52000 	/usr/lib/system/libcompiler_rt.dylib
0x00000001c1e49000 	/usr/lib/system/libcopyfile.dylib
0x00000001b71aa000 	/usr/lib/system/libcorecrypto.dylib
0x00000001b724f000 	/usr/lib/system/libdispatch.dylib
0x00000001b7417000 	/usr/lib/system/libdyld.dylib
0x00000001c1e61000 	/usr/lib/system/libkeymgr.dylib
0x00000001c1e0b000 	/usr/lib/system/libmacho.dylib
0x00000001c150b000 	/usr/lib/system/libquarantine.dylib
0x00000001c1e5e000 	/usr/lib/system/libremovefile.dylib
0x00000001bc5a9000 	/usr/lib/system/libsystem_asl.dylib
0x00000001b7154000 	/usr/lib/system/libsystem_blocks.dylib
0x00000001b72d5000 	/usr/lib/system/libsystem_c.dylib
0x00000001c1e56000 	/usr/lib/system/libsystem_collections.dylib
0x00000001c09ca000 	/usr/lib/system/libsystem_configuration.dylib
0x00000001bfc4e000 	/usr/lib/system/libsystem_containermanager.dylib
0x00000001c1b72000 	/usr/lib/system/libsystem_coreservices.dylib
0x00000001b9b3b000 	/usr/lib/system/libsystem_darwin.dylib
0x00000001c1e62000 	/usr/lib/system/libsystem_dnssd.dylib
0x00000001b72d2000 	/usr/lib/system/libsystem_featureflags.dylib
0x00000001b742c000 	/usr/lib/system/libsystem_info.dylib
0x00000001c1dd3000 	/usr/lib/system/libsystem_m.dylib
0x00000001b7224000 	/usr/lib/system/libsystem_malloc.dylib
0x00000001bc53a000 	/usr/lib/system/libsystem_networkextension.dylib
0x00000001b9f8f000 	/usr/lib/system/libsystem_notify.dylib
0x00000001c8075000 	/usr/lib/system/libsystem_product_info_filter.dylib
0x00000001c09cf000 	/usr/lib/system/libsystem_sandbox.dylib
0x00000001c1e5b000 	/usr/lib/system/libsystem_secinit.dylib
0x00000001b73d4000 	/usr/lib/system/libsystem_kernel.dylib
0x00000001b7424000 	/usr/lib/system/libsystem_platform.dylib
0x00000001b740a000 	/usr/lib/system/libsystem_pthread.dylib
0x00000001bdce6000 	/usr/lib/system/libsystem_symptoms.dylib
0x00000001b7190000 	/usr/lib/system/libsystem_trace.dylib
0x00000001c1e36000 	/usr/lib/system/libunwind.dylib
0x00000001b7156000 	/usr/lib/system/libxpc.dylib
0x00000001b73ba000 	/usr/lib/libc++abi.dylib
0x00000001b7296000 	/usr/lib/libobjc.A.dylib
0x00000001c1e41000 	/usr/lib/liboah.dylib
0x00000001b7356000 	/usr/lib/libc++.1.dylib
0x00000001cda76000 	/System/Library/Frameworks/Cocoa.framework/Versions/A/Cocoa
0x00000001b9fef000 	/System/Library/Frameworks/AppKit.framework/Versions/C/AppKit
0x00000001bd525000 	/System/Library/Frameworks/CoreData.framework/Versions/A/CoreData
0x00000001b834c000 	/System/Library/Frameworks/Foundation.framework/Versions/C/Foundation
0x00000001baea6000 	/System/Library/PrivateFrameworks/UIFoundation.framework/Versions/A/UIFoundation
0x00000001c7d6f000 	/System/Library/PrivateFrameworks/RemoteViewServices.framework/Versions/A/RemoteViewServices
0x00000001c0388000 	/System/Library/PrivateFrameworks/XCTTargetBootstrap.framework/Versions/A/XCTTargetBootstrap
0x00000001c3b72000 	/System/Library/PrivateFrameworks/InternationalSupport.framework/Versions/A/InternationalSupport
0x00000001c3bfb000 	/System/Library/PrivateFrameworks/UserActivity.framework/Versions/A/UserActivity
0x00000001c30a0000 	/usr/lib/libspindump.dylib
0x00000001bb116000 	/System/Library/Frameworks/UniformTypeIdentifiers.framework/Versions/A/UniformTypeIdentifiers
0x00000001be915000 	/usr/lib/libapp_launch_measurement.dylib
0x00000001bde8d000 	/System/Library/PrivateFrameworks/CoreAnalytics.framework/Versions/A/CoreAnalytics
0x00000001be918000 	/System/Library/PrivateFrameworks/CoreAutoLayout.framework/Versions/A/CoreAutoLayout
0x00000001bfc8b000 	/System/Library/Frameworks/Metal.framework/Versions/A/Metal
0x00000001c09da000 	/usr/lib/liblangid.dylib
0x00000001c038c000 	/System/Library/PrivateFrameworks/CoreSVG.framework/Versions/A/CoreSVG
0x00000001bc5dd000 	/System/Library/PrivateFrameworks/SkyLight.framework/Versions/A/SkyLight
0x00000001bc9aa000 	/System/Library/Frameworks/CoreGraphics.framework/Versions/A/CoreGraphics
0x00000001c83ed000 	/System/Library/Frameworks/Accelerate.framework/Versions/A/Accelerate
0x00000001c2b14000 	/System/Library/PrivateFrameworks/IconServices.framework/Versions/A/IconServices
0x00000001bfc6d000 	/System/Library/Frameworks/IOSurface.framework/Versions/A/IOSurface
0x00000001bdebd000 	/usr/lib/libDiagnosticMessagesClient.dylib
0x00000001cb836000 	/System/Library/Frameworks/ApplicationServices.framework/Versions/A/ApplicationServices
0x00000001c0370000 	/System/Library/PrivateFrameworks/DFRFoundation.framework/Versions/A/DFRFoundation
0x00000001b9890000 	/usr/lib/libicucore.A.dylib
0x00000001c4973000 	/System/Library/Frameworks/AudioToolbox.framework/Versions/A/AudioToolbox
0x00000001c3b7e000 	/System/Library/PrivateFrameworks/DataDetectorsCore.framework/Versions/A/DataDetectorsCore
0x00000001d9ccc000 	/System/Library/PrivateFrameworks/TextInput.framework/Versions/A/TextInput
0x00000001bc554000 	/usr/lib/libMobileGestalt.dylib
0x00000001c0040000 	/System/Library/Frameworks/Carbon.framework/Versions/A/Frameworks/HIToolbox.framework/Versions/A/HIToolbox
0x00000001be31e000 	/System/Library/Frameworks/QuartzCore.framework/Versions/A/QuartzCore
0x00000001b950d000 	/System/Library/Frameworks/Security.framework/Versions/A/Security
0x00000001c7daf000 	/System/Library/Frameworks/Carbon.framework/Versions/A/Frameworks/SpeechRecognition.framework/Versions/A/SpeechRecognition
0x00000001be66c000 	/System/Library/PrivateFrameworks/CoreUI.framework/Versions/A/CoreUI
0x00000001b8dde000 	/System/Library/Frameworks/CoreAudio.framework/Versions/A/CoreAudio
0x00000001bdfb1000 	/System/Library/Frameworks/DiskArbitration.framework/Versions/A/DiskArbitration
0x00000001c3485000 	/System/Library/PrivateFrameworks/MultitouchSupport.framework/Versions/A/MultitouchSupport
0x00000001bc552000 	/usr/lib/libenergytrace.dylib
0x00000001b9eb9000 	/System/Library/Frameworks/IOKit.framework/Versions/A/IOKit
0x00000001c8198000 	/System/Library/Frameworks/CoreServices.framework/Versions/A/CoreServices
0x00000001be8a5000 	/System/Library/PrivateFrameworks/PerformanceAnalysis.framework/Versions/A/PerformanceAnalysis
0x0000000218879000 	/System/Library/Frameworks/OpenGL.framework/Versions/A/OpenGL
0x00000001c142b000 	/System/Library/PrivateFrameworks/MobileKeyBag.framework/Versions/A/MobileKeyBag
0x00000001bcfba000 	/System/Library/Frameworks/ColorSync.framework/Versions/A/ColorSync
0x00000001b7458000 	/System/Library/Frameworks/CoreFoundation.framework/Versions/A/CoreFoundation
0x00000001c060d000 	/System/Library/Frameworks/CoreImage.framework/Versions/A/CoreImage
0x00000001b8c01000 	/System/Library/Frameworks/CoreText.framework/Versions/A/CoreText
0x00000001c03bc000 	/System/Library/Frameworks/ImageIO.framework/Versions/A/ImageIO
0x00000001c1e77000 	/System/Library/PrivateFrameworks/SoftLinking.framework/Versions/A/SoftLinking
0x00000001be962000 	/usr/lib/libxml2.2.dylib
0x00000001c2110000 	/usr/lib/libcompression.dylib
0x00000001c3acb000 	/System/Library/PrivateFrameworks/TextureIO.framework/Versions/A/TextureIO
0x00000001c282e000 	/usr/lib/libate.dylib
0x00000001c26f6000 	/usr/lib/liblzma.5.dylib
0x00000001b8040000 	/System/Library/Frameworks/SystemConfiguration.framework/Versions/A/SystemConfiguration
0x00000001c1e73000 	/usr/lib/libfakelink.dylib
0x00000001bc081000 	/System/Library/Frameworks/CFNetwork.framework/Versions/A/CFNetwork
0x00000001c1fba000 	/usr/lib/libarchive.2.dylib
0x00000001c09d6000 	/System/Library/PrivateFrameworks/AppleSystemInfo.framework/Versions/A/AppleSystemInfo
0x00000001c1536000 	/usr/lib/libbsm.0.dylib
0x00000001bb5b9000 	/usr/lib/libnetwork.dylib
0x00000001c1e11000 	/usr/lib/system/libkxld.dylib
0x00000001c114d000 	/System/Library/PrivateFrameworks/IOMobileFramebuffer.framework/Versions/A/IOMobileFramebuffer
0x00000002346aa000 	/usr/lib/libCoreEntitlements.dylib
0x00000001c1b54000 	/System/Library/PrivateFrameworks/AppleFSCompression.framework/Versions/A/AppleFSCompression
0x00000001c151e000 	/usr/lib/libcoretls.dylib
0x00000001c270f000 	/usr/lib/libcoretls_cfhelpers.dylib
0x00000001c210b000 	/usr/lib/libpam.2.dylib
0x00000001bd90e000 	/usr/lib/libsqlite3.dylib
0x00000001c2777000 	/usr/lib/libxar.1.dylib
0x00000001c1b65000 	/usr/lib/libbz2.1.0.dylib
0x00000001c1e78000 	/usr/lib/libpcap.A.dylib
0x00000001bdcdd000 	/usr/lib/libdns_services.dylib
0x00000001c20de000 	/usr/lib/libapple_nghttp2.dylib
0x00000001c1eb5000 	/usr/lib/libiconv.2.dylib
0x00000001c1e0a000 	/usr/lib/libcharset.1.dylib
0x00000001be8e1000 	/System/Library/Frameworks/CoreServices.framework/Versions/A/Frameworks/FSEvents.framework/Versions/A/FSEvents
0x00000001b9b46000 	/System/Library/Frameworks/CoreServices.framework/Versions/A/Frameworks/CarbonCore.framework/Versions/A/CarbonCore
0x00000001bdf14000 	/System/Library/Frameworks/CoreServices.framework/Versions/A/Frameworks/Metadata.framework/Versions/A/Metadata
0x00000001c1b78000 	/System/Library/Frameworks/CoreServices.framework/Versions/A/Frameworks/OSServices.framework/Versions/A/OSServices
0x00000001c2040000 	/System/Library/Frameworks/CoreServices.framework/Versions/A/Frameworks/SearchKit.framework/Versions/A/SearchKit
0x00000001bdc6b000 	/System/Library/Frameworks/CoreServices.framework/Versions/A/Frameworks/AE.framework/Versions/A/AE
0x00000001b799c000 	/System/Library/Frameworks/CoreServices.framework/Versions/A/Frameworks/LaunchServices.framework/Versions/A/LaunchServices
0x00000001c269f000 	/System/Library/Frameworks/CoreServices.framework/Versions/A/Frameworks/DictionaryServices.framework/Versions/A/DictionaryServices
0x00000001be8ee000 	/System/Library/Frameworks/CoreServices.framework/Versions/A/Frameworks/SharedFileList.framework/Versions/A/SharedFileList
0x00000001c150e000 	/usr/lib/libCheckFix.dylib
0x00000001bc5c1000 	/System/Library/PrivateFrameworks/TCC.framework/Versions/A/TCC
0x00000001c09dc000 	/System/Library/PrivateFrameworks/CoreNLP.framework/Versions/A/CoreNLP
0x00000001bdec0000 	/System/Library/PrivateFrameworks/MetadataUtilities.framework/Versions/A/MetadataUtilities
0x00000001b80f9000 	/usr/lib/libmecabra.dylib
0x00000001c1547000 	/usr/lib/libmecab.dylib
0x00000001b80c5000 	/usr/lib/libCRFSuite.dylib
0x00000001c15a5000 	/usr/lib/libgermantok.dylib
0x00000001c20b7000 	/usr/lib/libThaiTokenizer.dylib
0x00000001bdfb9000 	/System/Library/Frameworks/Accelerate.framework/Versions/A/Frameworks/vImage.framework/Versions/A/vImage
0x00000001c816f000 	/System/Library/Frameworks/Accelerate.framework/Versions/A/Frameworks/vecLib.framework/Versions/A/vecLib
0x00000001c27bb000 	/System/Library/Frameworks/Accelerate.framework/Versions/A/Frameworks/vecLib.framework/Versions/A/libvMisc.dylib
0x00000001c1057000 	/System/Library/Frameworks/Accelerate.framework/Versions/A/Frameworks/vecLib.framework/Versions/A/libvDSP.dylib
0x00000001b7d1f000 	/System/Library/Frameworks/Accelerate.framework/Versions/A/Frameworks/vecLib.framework/Versions/A/libBLAS.dylib
0x00000001c21df000 	/System/Library/Frameworks/Accelerate.framework/Versions/A/Frameworks/vecLib.framework/Versions/A/libLAPACK.dylib
0x00000001c15a8000 	/System/Library/Frameworks/Accelerate.framework/Versions/A/Frameworks/vecLib.framework/Versions/A/libLinearAlgebra.dylib
0x00000001c20f6000 	/System/Library/Frameworks/Accelerate.framework/Versions/A/Frameworks/vecLib.framework/Versions/A/libSparseBLAS.dylib
0x00000001c21da000 	/System/Library/Frameworks/Accelerate.framework/Versions/A/Frameworks/vecLib.framework/Versions/A/libQuadrature.dylib
0x00000001c0ad3000 	/System/Library/Frameworks/Accelerate.framework/Versions/A/Frameworks/vecLib.framework/Versions/A/libBNNS.dylib
0x00000001b7fdd000 	/System/Library/Frameworks/Accelerate.framework/Versions/A/Frameworks/vecLib.framework/Versions/A/libSparse.dylib
0x00000001c0acb000 	/System/Library/PrivateFrameworks/LinguisticData.framework/Versions/A/LinguisticData
0x00000001b7f93000 	/System/Library/PrivateFrameworks/Lexicon.framework/Versions/A/Lexicon
0x00000001c27b3000 	/usr/lib/libChineseTokenizer.dylib
0x00000001b873a000 	/System/Library/PrivateFrameworks/LanguageModeling.framework/Versions/A/LanguageModeling
0x00000001c20b9000 	/System/Library/PrivateFrameworks/AppleSauce.framework/Versions/A/AppleSauce
0x00000001c113a000 	/System/Library/PrivateFrameworks/CoreEmoji.framework/Versions/A/CoreEmoji
0x00000001c1fa8000 	/usr/lib/libcmph.dylib
0x00000001be8c1000 	/System/Library/Frameworks/OpenDirectory.framework/Versions/A/Frameworks/CFOpenDirectory.framework/Versions/A/CFOpenDirectory
0x00000001be8b1000 	/System/Library/Frameworks/OpenDirectory.framework/Versions/A/OpenDirectory
0x00000001c2711000 	/System/Library/PrivateFrameworks/APFS.framework/Versions/A/APFS
0x00000001c1466000 	/System/Library/Frameworks/SecurityFoundation.framework/Versions/A/SecurityFoundation
0x00000001c2785000 	/usr/lib/libutil.dylib
0x00000001b9e7b000 	/System/Library/PrivateFrameworks/CoreServicesStore.framework/Versions/A/CoreServicesStore
0x00000001c2789000 	/usr/lib/libxslt.1.dylib
0x00000001c14fa000 	/System/Library/PrivateFrameworks/BackgroundTaskManagement.framework/Versions/A/BackgroundTaskManagement
0x00000001c39ec000 	/System/Library/Frameworks/ImageIO.framework/Versions/A/Resources/libRadiance.dylib
0x00000001c39f5000 	/System/Library/Frameworks/ImageIO.framework/Versions/A/Resources/libJPEG.dylib
0x00000001c3947000 	/System/Library/Frameworks/ImageIO.framework/Versions/A/Resources/libPng.dylib
0x00000001c3969000 	/System/Library/Frameworks/ImageIO.framework/Versions/A/Resources/libTIFF.dylib
0x00000001c3a50000 	/System/Library/Frameworks/ImageIO.framework/Versions/A/Resources/libGIF.dylib
0x00000001c3395000 	/System/Library/Frameworks/ImageIO.framework/Versions/A/Resources/libJP2.dylib
0x00000001c2ada000 	/usr/lib/libexpat.1.dylib
0x00000001c3350000 	/System/Library/PrivateFrameworks/AppleJPEG.framework/Versions/A/AppleJPEG
0x00000001bfeff000 	/System/Library/PrivateFrameworks/FontServices.framework/libFontParser.dylib
0x00000001bdc10000 	/System/Library/PrivateFrameworks/RunningBoardServices.framework/Versions/A/RunningBoardServices
0x00000001ce0ec000 	/System/Library/PrivateFrameworks/IOSurfaceAccelerator.framework/Versions/A/IOSurfaceAccelerator
0x00000001c3481000 	/System/Library/PrivateFrameworks/WatchdogClient.framework/Versions/A/WatchdogClient
0x00000001b883e000 	/System/Library/Frameworks/CoreDisplay.framework/Versions/A/CoreDisplay
0x00000001bfded000 	/System/Library/Frameworks/CoreMedia.framework/Versions/A/CoreMedia
0x00000001bfc81000 	/System/Library/PrivateFrameworks/IOAccelerator.framework/Versions/A/IOAccelerator
0x00000001bea4f000 	/System/Library/Frameworks/CoreVideo.framework/Versions/A/CoreVideo
0x00000001c2109000 	/System/Library/Frameworks/MetalPerformanceShaders.framework/Versions/A/MetalPerformanceShaders
0x00000001c34be000 	/System/Library/Frameworks/VideoToolbox.framework/Versions/A/VideoToolbox
0x00000001bdb54000 	/System/Library/PrivateFrameworks/BaseBoard.framework/Versions/A/BaseBoard
0x00000001bd8f3000 	/System/Library/PrivateFrameworks/ProtocolBuffer.framework/Versions/A/ProtocolBuffer
0x00000001c39e7000 	/System/Library/PrivateFrameworks/GPUWrangler.framework/Versions/A/GPUWrangler
0x00000001c39c6000 	/System/Library/PrivateFrameworks/IOPresentment.framework/Versions/A/IOPresentment
0x00000001c39ef000 	/System/Library/PrivateFrameworks/DSExternalDisplay.framework/Versions/A/DSExternalDisplay
0x000000021886c000 	/System/Library/Frameworks/OpenGL.framework/Versions/A/Libraries/libCoreFSCache.dylib
0x0000000222057000 	/System/Library/PrivateFrameworks/GPUCompiler.framework/Versions/31001/Libraries/libGPUCompilerUtils.dylib
0x00000001c3a55000 	/System/Library/PrivateFrameworks/CMCaptureCore.framework/Versions/A/CMCaptureCore
0x00000001c308e000 	/System/Library/PrivateFrameworks/AppServerSupport.framework/Versions/A/AppServerSupport
0x00000001c522e000 	/System/Library/PrivateFrameworks/perfdata.framework/Versions/A/perfdata
0x00000001b895e000 	/System/Library/PrivateFrameworks/AudioToolboxCore.framework/Versions/A/AudioToolboxCore
0x00000001bfdc5000 	/System/Library/PrivateFrameworks/caulk.framework/Versions/A/caulk
0x00000001c4b23000 	/usr/lib/libAudioStatistics.dylib
0x00000001d6440000 	/System/Library/PrivateFrameworks/SystemPolicy.framework/Versions/A/SystemPolicy
0x00000001c4d83000 	/usr/lib/libSMC.dylib
0x00000001cd958000 	/System/Library/Frameworks/CoreMIDI.framework/Versions/A/CoreMIDI
0x00000001c3915000 	/usr/lib/libAudioToolboxUtility.dylib
0x00000001d286d000 	/System/Library/PrivateFrameworks/OSAServicesClient.framework/Versions/A/OSAServicesClient
0x00000001c523b000 	/usr/lib/libperfcheck.dylib
0x00000001d6f47000 	/usr/lib/libmis.dylib
0x00000002188cd000 	/System/Library/Frameworks/OpenGL.framework/Versions/A/Libraries/libGLU.dylib
0x000000021888c000 	/System/Library/Frameworks/OpenGL.framework/Versions/A/Libraries/libGFXShared.dylib
0x0000000218a76000 	/System/Library/Frameworks/OpenGL.framework/Versions/A/Libraries/libGL.dylib
0x0000000218895000 	/System/Library/Frameworks/OpenGL.framework/Versions/A/Libraries/libGLImage.dylib
0x0000000218889000 	/System/Library/Frameworks/OpenGL.framework/Versions/A/Libraries/libCVMSPluginSupport.dylib
0x0000000218873000 	/System/Library/Frameworks/OpenGL.framework/Versions/A/Libraries/libCoreVMClient.dylib
0x00000001c0957000 	/System/Library/Frameworks/MetalPerformanceShaders.framework/Versions/A/Frameworks/MPSCore.framework/Versions/A/MPSCore
0x00000001c1ac7000 	/System/Library/Frameworks/MetalPerformanceShaders.framework/Versions/A/Frameworks/MPSImage.framework/Versions/A/MPSImage
0x00000001c15bd000 	/System/Library/Frameworks/MetalPerformanceShaders.framework/Versions/A/Frameworks/MPSNeuralNetwork.framework/Versions/A/MPSNeuralNetwork
0x00000001c19fa000 	/System/Library/Frameworks/MetalPerformanceShaders.framework/Versions/A/Frameworks/MPSMatrix.framework/Versions/A/MPSMatrix
0x00000001c17d5000 	/System/Library/Frameworks/MetalPerformanceShaders.framework/Versions/A/Frameworks/MPSRayIntersector.framework/Versions/A/MPSRayIntersector
0x00000001c1a2b000 	/System/Library/Frameworks/MetalPerformanceShaders.framework/Versions/A/Frameworks/MPSNDArray.framework/Versions/A/MPSNDArray
0x000000021a5a4000 	/System/Library/Frameworks/MetalPerformanceShaders.framework/Versions/A/Frameworks/MPSFunctions.framework/Versions/A/MPSFunctions
0x00000001b7bfd000 	/System/Library/PrivateFrameworks/MetalTools.framework/Versions/A/MetalTools
0x00000001c09d4000 	/System/Library/PrivateFrameworks/AggregateDictionary.framework/Versions/A/AggregateDictionary
0x00000001c28c0000 	/usr/lib/libIOReport.dylib
0x00000001cc93f000 	/System/Library/PrivateFrameworks/ASEProcessing.framework/Versions/A/ASEProcessing
0x00000001c2c33000 	/System/Library/PrivateFrameworks/FaceCore.framework/Versions/A/FaceCore
0x00000001c2c25000 	/System/Library/PrivateFrameworks/GraphVisualizer.framework/Versions/A/GraphVisualizer
0x0000000221f6e000 	/System/Library/PrivateFrameworks/FontServices.framework/Versions/A/FontServices
0x00000001c3048000 	/System/Library/PrivateFrameworks/OTSVG.framework/Versions/A/OTSVG
0x00000001be61d000 	/System/Library/Frameworks/ApplicationServices.framework/Versions/A/Frameworks/ATS.framework/Versions/A/Resources/libFontRegistry.dylib
0x00000001c3097000 	/System/Library/PrivateFrameworks/FontServices.framework/libhvf.dylib
0x0000000221f6f000 	/System/Library/PrivateFrameworks/FontServices.framework/libXTFontStaticRegistryData.dylib
0x0000000218c18000 	/System/Library/Frameworks/OpenCL.framework/Versions/A/OpenCL
0x00000001c2a8e000 	/System/Library/PrivateFrameworks/AppleVA.framework/Versions/A/AppleVA
0x00000001c4b4b000 	/System/Library/Frameworks/ApplicationServices.framework/Versions/A/Frameworks/ATS.framework/Versions/A/ATS
0x00000001bd0b7000 	/System/Library/Frameworks/ApplicationServices.framework/Versions/A/Frameworks/HIServices.framework/Versions/A/HIServices
0x00000001c3a5f000 	/System/Library/Frameworks/ApplicationServices.framework/Versions/A/Frameworks/PrintCore.framework/Versions/A/PrintCore
0x00000001c4ed6000 	/System/Library/Frameworks/ApplicationServices.framework/Versions/A/Frameworks/QD.framework/Versions/A/QD
0x00000001c4ece000 	/System/Library/Frameworks/ApplicationServices.framework/Versions/A/Frameworks/ColorSyncLegacy.framework/Versions/A/ColorSyncLegacy
0x00000001c4b37000 	/System/Library/Frameworks/ApplicationServices.framework/Versions/A/Frameworks/SpeechSynthesis.framework/Versions/A/SpeechSynthesis
0x00000001c3a20000 	/System/Library/Frameworks/ApplicationServices.framework/Versions/A/Frameworks/ATSUI.framework/Versions/A/ATSUI
0x00000001c4e63000 	/usr/lib/libcups.2.dylib
0x00000001c5249000 	/System/Library/Frameworks/Kerberos.framework/Versions/A/Kerberos
0x00000001c525a000 	/System/Library/Frameworks/GSS.framework/Versions/A/GSS
0x00000001c4bba000 	/usr/lib/libresolv.9.dylib
0x00000001c30a5000 	/System/Library/PrivateFrameworks/Heimdal.framework/Versions/A/Heimdal
0x00000001cbbae000 	/System/Library/Frameworks/Kerberos.framework/Versions/A/Libraries/libHeimdalProxy.dylib
0x00000001bdcef000 	/System/Library/Frameworks/Network.framework/Versions/A/Network
0x00000001c2af5000 	/usr/lib/libheimdal-asn1.dylib
0x00000001c52a0000 	/System/Library/PrivateFrameworks/CommonAuth.framework/Versions/A/CommonAuth
0x00000001c4ab1000 	/System/Library/PrivateFrameworks/AudioSession.framework/Versions/A/AudioSession
0x00000001c2b86000 	/System/Library/PrivateFrameworks/MediaExperience.framework/Versions/A/MediaExperience
0x00000001c4939000 	/System/Library/PrivateFrameworks/AudioSession.framework/libSessionUtility.dylib
0x00000001c4ee2000 	/System/Library/PrivateFrameworks/AudioResourceArbitration.framework/Versions/A/AudioResourceArbitration
0x00000001c8fed000 	/System/Library/PrivateFrameworks/PowerLog.framework/Versions/A/PowerLog
0x00000001c2afe000 	/System/Library/PrivateFrameworks/IconFoundation.framework/Versions/A/IconFoundation
0x00000001c7d9b000 	/System/Library/PrivateFrameworks/SpeechRecognitionCore.framework/Versions/A/SpeechRecognitionCore
0x0000000103b30000 	/Library/Java/JavaVirtualMachines/jdk-17.0.2.jdk/Contents/Home/lib/server/libjvm.dylib
0x0000000102c50000 	/Library/Java/JavaVirtualMachines/jdk-17.0.2.jdk/Contents/Home/lib/libjimage.dylib
0x0000000102cd8000 	/Library/Java/JavaVirtualMachines/jdk-17.0.2.jdk/Contents/Home/lib/libjava.dylib
0x000000010374c000 	/Library/Java/JavaVirtualMachines/jdk-17.0.2.jdk/Contents/Home/lib/libnio.dylib
0x000000010376c000 	/Library/Java/JavaVirtualMachines/jdk-17.0.2.jdk/Contents/Home/lib/libnet.dylib
0x0000000103790000 	/Library/Java/JavaVirtualMachines/jdk-17.0.2.jdk/Contents/Home/lib/libzip.dylib
0x00000001037a8000 	/Users/hugodemenez/.openjfx/cache/17.0.1/libprism_es2.dylib
0x00000001b9e3e000 	/System/Library/PrivateFrameworks/CoreServicesInternal.framework/Versions/A/CoreServicesInternal
0x0000000218a80000 	/System/Library/Frameworks/OpenGL.framework/Versions/A/Resources/GLEngine.bundle/GLEngine
0x0000000218907000 	/System/Library/Frameworks/OpenGL.framework/Versions/A/Libraries/libGLProgrammability.dylib
0x00000001039a0000 	/System/Library/Extensions/AppleMetalOpenGLRenderer.bundle/Contents/MacOS/AppleMetalOpenGLRenderer
0x0000000218bef000 	/System/Library/Frameworks/OpenGL.framework/Versions/A/Resources/GLRendererFloat.bundle/GLRendererFloat
0x00000001fca88000 	/System/Library/Extensions/AGXMetalG13X.bundle/Contents/MacOS/AGXMetalG13X
0x00000001d6f63000 	/System/Library/PrivateFrameworks/GPURawCounter.framework/Versions/A/GPURawCounter
0x00000001d19f1000 	/System/Library/PrivateFrameworks/IOGPU.framework/Versions/A/IOGPU
0x0000000103a9c000 	/Users/hugodemenez/.openjfx/cache/17.0.1/libglass.dylib
0x00000001c9241000 	/System/Library/Frameworks/FileProvider.framework/Versions/A/FileProvider
0x00000001bdabc000 	/System/Library/Frameworks/Accounts.framework/Versions/A/Accounts
0x00000001c93c1000 	/System/Library/PrivateFrameworks/GenerationalStorage.framework/Versions/A/GenerationalStorage
0x00000001c9f77000 	/System/Library/PrivateFrameworks/CoreSymbolication.framework/Versions/A/CoreSymbolication
0x00000001c8fe1000 	/System/Library/PrivateFrameworks/SymptomDiagnosticReporter.framework/Versions/A/SymptomDiagnosticReporter
0x00000001bb12a000 	/System/Library/PrivateFrameworks/DesktopServicesPriv.framework/Versions/A/DesktopServicesPriv
0x00000001b9f9e000 	/usr/lib/libsandbox.1.dylib
0x00000001beadc000 	/System/Library/PrivateFrameworks/UserManagement.framework/Versions/A/UserManagement
0x00000001c9f38000 	/System/Library/PrivateFrameworks/DebugSymbols.framework/Versions/A/DebugSymbols
0x00000001c4ec1000 	/System/Library/PrivateFrameworks/NetAuth.framework/Versions/A/NetAuth
0x00000001c5dc4000 	/System/Library/PrivateFrameworks/Sharing.framework/Versions/A/Sharing
0x00000001beaac000 	/System/Library/PrivateFrameworks/login.framework/Versions/A/Frameworks/loginsupport.framework/Versions/A/loginsupport
0x00000001cb0f0000 	/System/Library/PrivateFrameworks/Apple80211.framework/Versions/A/Apple80211
0x00000001c1bab000 	/System/Library/PrivateFrameworks/AuthKit.framework/Versions/A/AuthKit
0x00000001c1239000 	/System/Library/PrivateFrameworks/CoreUtils.framework/Versions/A/CoreUtils
0x00000001c1159000 	/System/Library/Frameworks/CoreWLAN.framework/Versions/A/CoreWLAN
0x00000001c5f2e000 	/System/Library/Frameworks/IOBluetooth.framework/Versions/A/IOBluetooth
0x00000001cb150000 	/System/Library/PrivateFrameworks/CoreWiFi.framework/Versions/A/CoreWiFi
0x00000001c9b1f000 	/System/Library/PrivateFrameworks/FrontBoardServices.framework/Versions/A/FrontBoardServices
0x00000001c9bb7000 	/System/Library/PrivateFrameworks/BoardServices.framework/Versions/A/BoardServices
0x00000001c1454000 	/System/Library/PrivateFrameworks/AssertionServices.framework/Versions/A/AssertionServices
0x00000001cb2be000 	/System/Library/PrivateFrameworks/BackBoardServices.framework/Versions/A/BackBoardServices
0x00000001c5333000 	/System/Library/PrivateFrameworks/CorePhoneNumbers.framework/Versions/A/CorePhoneNumbers
0x00000001c9111000 	/System/Library/PrivateFrameworks/DiskManagement.framework/Versions/A/DiskManagement
0x00000001c9014000 	/System/Library/PrivateFrameworks/AppleIDAuthSupport.framework/Versions/A/AppleIDAuthSupport
0x000000021c88e000 	/System/Library/PrivateFrameworks/AAAFoundation.framework/Versions/A/AAAFoundation
0x00000001c5312000 	/System/Library/PrivateFrameworks/KeychainCircle.framework/Versions/A/KeychainCircle
0x00000001c90dd000 	/System/Library/PrivateFrameworks/MediaKit.framework/Versions/A/MediaKit
0x00000001c9021000 	/System/Library/Frameworks/DiscRecording.framework/Versions/A/DiscRecording
0x00000001c2a0a000 	/usr/lib/libCoreStorage.dylib
0x00000001cb5ba000 	/usr/lib/libcsfde.dylib
0x00000001c6003000 	/System/Library/PrivateFrameworks/ProtectedCloudStorage.framework/Versions/A/ProtectedCloudStorage
0x00000001cb5b2000 	/System/Library/PrivateFrameworks/EFILogin.framework/Versions/A/EFILogin
0x00000001c93e8000 	/System/Library/PrivateFrameworks/OctagonTrust.framework/Versions/A/OctagonTrust
0x00000002211ba000 	/System/Library/PrivateFrameworks/CoreUtilsExtras.framework/Versions/A/CoreUtilsExtras
0x00000001c8f56000 	/System/Library/Frameworks/CoreBluetooth.framework/Versions/A/CoreBluetooth
0x00000001cbc33000 	/System/Library/Frameworks/AudioUnit.framework/Versions/A/AudioUnit
0x00000001c2a02000 	/usr/lib/libMatch.1.dylib
0x00000001db259000 	/System/Library/Frameworks/Accelerate.framework/Versions/A/Frameworks/vImage.framework/Versions/A/Libraries/libCGInterfaces.dylib
0x00000001263ec000 	/usr/lib/libobjc-trampolines.dylib
0x00000001be7a9000 	/System/Library/PrivateFrameworks/ViewBridge.framework/Versions/A/ViewBridge
0x000000012c7cc000 	/Users/hugodemenez/.openjfx/cache/17.0.1/libjavafx_font.dylib
0x00000001c3153000 	/System/Library/PrivateFrameworks/login.framework/Versions/A/login
0x0000000234824000 	/usr/lib/libRosetta.dylib
0x000000021cf2d000 	/System/Library/PrivateFrameworks/AccessibilityBundles.framework/Versions/A/AccessibilityBundles


VM Arguments:
jvm_args: --module-path=/Users/hugodemenez/IdeaProjects/ContactApp/target/classes:/Users/hugodemenez/.m2/repository/org/openjfx/javafx-base/17.0.1/javafx-base-17.0.1-mac-aarch64.jar:/Users/hugodemenez/.m2/repository/org/openjfx/javafx-controls/17.0.1/javafx-controls-17.0.1-mac-aarch64.jar:/Users/hugodemenez/.m2/repository/org/openjfx/javafx-fxml/17.0.1/javafx-fxml-17.0.1-mac-aarch64.jar:/Users/hugodemenez/.m2/repository/org/openjfx/javafx-graphics/17.0.1/javafx-graphics-17.0.1-mac-aarch64.jar --add-modules=com.example.contactapp -Djdk.module.main=com.example.contactapp 
java_command: com.example.contactapp/com.example.contactapp.HelloApplication
java_class_path (initial): /Users/hugodemenez/.m2/repository/org/openjfx/javafx-base/17.0.1/javafx-base-17.0.1.jar:/Users/hugodemenez/.m2/repository/org/openjfx/javafx-controls/17.0.1/javafx-controls-17.0.1.jar:/Users/hugodemenez/.m2/repository/org/openjfx/javafx-fxml/17.0.1/javafx-fxml-17.0.1.jar:/Users/hugodemenez/.m2/repository/org/openjfx/javafx-graphics/17.0.1/javafx-graphics-17.0.1.jar
Launcher Type: SUN_STANDARD

[Global flags]
     intx CICompilerCount                          = 4                                         {product} {ergonomic}
     uint ConcGCThreads                            = 2                                         {product} {ergonomic}
     uint G1ConcRefinementThreads                  = 8                                         {product} {ergonomic}
   size_t G1HeapRegionSize                         = 2097152                                   {product} {ergonomic}
    uintx GCDrainStackTargetSize                   = 64                                        {product} {ergonomic}
   size_t InitialHeapSize                          = 268435456                                 {product} {ergonomic}
   size_t MarkStackSize                            = 4194304                                   {product} {ergonomic}
   size_t MaxHeapSize                              = 4294967296                                {product} {ergonomic}
   size_t MaxNewSize                               = 2575302656                                {product} {ergonomic}
   size_t MinHeapDeltaBytes                        = 2097152                                   {product} {ergonomic}
   size_t MinHeapSize                              = 8388608                                   {product} {ergonomic}
    uintx NonNMethodCodeHeapSize                   = 5839564                                {pd product} {ergonomic}
    uintx NonProfiledCodeHeapSize                  = 122909338                              {pd product} {ergonomic}
    uintx ProfiledCodeHeapSize                     = 122909338                              {pd product} {ergonomic}
    uintx ReservedCodeCacheSize                    = 251658240                              {pd product} {ergonomic}
     bool SegmentedCodeCache                       = true                                      {product} {ergonomic}
   size_t SoftMaxHeapSize                          = 4294967296                             {manageable} {ergonomic}
     bool UseCompressedClassPointers               = true                           {product lp64_product} {ergonomic}
     bool UseCompressedOops                        = true                           {product lp64_product} {ergonomic}
     bool UseG1GC                                  = true                                      {product} {ergonomic}
     bool UseNUMA                                  = false                                     {product} {ergonomic}
     bool UseNUMAInterleaving                      = false                                     {product} {ergonomic}

Logging:
Log output configuration:
 #0: stdout all=warning uptime,level,tags
 #1: stderr all=off uptime,level,tags

Environment Variables:
PATH=/Users/hugodemenez/miniforge3/bin:/opt/homebrew/Caskroom/miniforge/base/condabin:/opt/homebrew/bin:/opt/homebrew/sbin:/usr/local/bin:/usr/bin:/bin:/usr/sbin:/sbin:/usr/local/share/dotnet:~/.dotnet/tools:/Library/Apple/usr/bin:/Library/Frameworks/Mono.framework/Versions/Current/Commands
SHELL=/bin/zsh
LC_CTYPE=fr_FR.UTF-8

Signal Handlers:
   SIGSEGV: _ZL13crash_handleriP9__siginfoPv in libjvm.dylib, mask=11100110000111110111111111111111, flags=SA_RESTART|SA_SIGINFO
    SIGBUS: _ZL13crash_handleriP9__siginfoPv in libjvm.dylib, mask=11100110000111110111111111111111, flags=SA_RESTART|SA_SIGINFO
    SIGFPE: _ZL13crash_handleriP9__siginfoPv in libjvm.dylib, mask=11100110000111110111111111111111, flags=SA_RESTART|SA_SIGINFO
   SIGPIPE: _ZL17javaSignalHandleriP9__siginfoPv in libjvm.dylib, mask=11100110000111110111111111111111, flags=SA_RESTART|SA_SIGINFO
   SIGXFSZ: _ZL17javaSignalHandleriP9__siginfoPv in libjvm.dylib, mask=11100110000111110111111111111111, flags=SA_RESTART|SA_SIGINFO
    SIGILL: _ZL13crash_handleriP9__siginfoPv in libjvm.dylib, mask=11100110000111110111111111111111, flags=SA_RESTART|SA_SIGINFO
   SIGUSR2: _ZL10SR_handleriP9__siginfoP17__darwin_ucontext in libjvm.dylib, mask=00100000000000000000000000000000, flags=SA_RESTART|SA_SIGINFO
    SIGHUP: _ZL11UserHandleriPvS_ in libjvm.dylib, mask=11100110000111110111111111111111, flags=SA_RESTART|SA_SIGINFO
    SIGINT: _ZL11UserHandleriPvS_ in libjvm.dylib, mask=11100110000111110111111111111111, flags=SA_RESTART|SA_SIGINFO
   SIGTERM: _ZL11UserHandleriPvS_ in libjvm.dylib, mask=11100110000111110111111111111111, flags=SA_RESTART|SA_SIGINFO
   SIGQUIT: _ZL11UserHandleriPvS_ in libjvm.dylib, mask=11100110000111110111111111111111, flags=SA_RESTART|SA_SIGINFO
   SIGTRAP: _ZL13crash_handleriP9__siginfoPv in libjvm.dylib, mask=11100110000111110111111111111111, flags=SA_RESTART|SA_SIGINFO


---------------  S Y S T E M  ---------------

OS:
uname: Darwin 21.3.0 Darwin Kernel Version 21.3.0: Wed Jan  5 21:37:58 PST 2022; root:xnu-8019.80.24~20/RELEASE_ARM64_T6000 arm64
OS uptime: 5 days 1:20 hours
rlimit (soft/hard): STACK 8176k/65520k , CORE 0k/infinity , NPROC 2666/4000 , NOFILE 10240/infinity , AS infinity/infinity , CPU infinity/infinity , DATA infinity/infinity , FSIZE infinity/infinity , MEMLOCK infinity/infinity , RSS infinity/infinity
load average: 3.58 2.40 1.94

CPU: total 8 (initial active 8) 0x61:0x0:0x1b588bb3:0, fp, simd, crc, lse

Memory: 16k page, physical 16777216k(216768k free), swap 1048576k(709376k free)

vm_info: Java HotSpot(TM) 64-Bit Server VM (17.0.2+8-LTS-86) for bsd-aarch64 JRE (17.0.2+8-LTS-86), built on Dec  7 2021 21:47:50 by "mach5one" with clang Apple LLVM 12.0.0 (clang-1200.0.32.29)

END.
